C:\Users\casey\AppData\Local\Temp\06193c51-4f80-49c9-b3a1-ee3c5e11c711.tmp.node
Access is denied.
C:\Users\casey\AppData\Local\Temp\0640abae-4d05-4329-85b9-015f1f190b1a.tmp
The process cannot access the file because it is being used by another process.
C:\Users\casey\AppData\Local\Temp\08a23dad-c0bc-4e0c-a07c-57fcf0ff88c3.tmp.node
Access is denied.
C:\Users\casey\AppData\Local\Temp\08f9dc27-ab9b-4f1b-81bf-e1e51e8cf30b.tmp
The process cannot access the file because it is being used by another process.
C:\Users\casey\AppData\Local\Temp\090656a6-127c-4772-a7a3-a1a8fe522b4b.tmp
The process cannot access the file because it is being used by another process.
C:\Users\casey\AppData\Local\Temp\0b9306a8-40d2-4ac0-8def-462357d8cd64.tmp
The process cannot access the file because it is being used by another process.
C:\Users\casey\AppData\Local\Temp\0e3edaa9-cf9f-4b01-a171-7d3ea046d8c4.tmp
The process cannot access the file because it is being used by another process.
C:\Users\casey\AppData\Local\Temp\11d56e88-6309-49d2-ac3f-3f5e4f046403.tmp
The process cannot access the file because it is being used by another process.
C:\Users\casey\AppData\Local\Temp\1223d71e-cac2-4a18-99a4-ed02e5ebab0a.tmp
The process cannot access the file because it is being used by another process.
C:\Users\casey\AppData\Local\Temp\12e46a3e-f20f-4ff6-941d-5f1719c69bc1.tmp
The process cannot access the file because it is being used by another process.
C:\Users\casey\AppData\Local\Temp\162cb51a-09c1-416d-b9ac-8c5f6f8cf8b4.tmp
The process cannot access the file because it is being used by another process.
C:\Users\casey\AppData\Local\Temp\167b0709-45aa-4c2f-b35e-9c3689663a9f.tmp
The process cannot access the file because it is being used by another process.
C:\Users\casey\AppData\Local\Temp\17c1b8ef-b677-46ed-8747-340a26dafc61.tmp
The process cannot access the file because it is being used by another process.
C:\Users\casey\AppData\Local\Temp\1a1539f5-ba80-4b99-a491-04d39fc687af.tmp
The process cannot access the file because it is being used by another process.
C:\Users\casey\AppData\Local\Temp\1b5dcd28-ef73-43f1-910a-d84a23e84f47.tmp
The process cannot access the file because it is being used by another process.
C:\Users\casey\AppData\Local\Temp\1dd6e094-778c-4a22-b857-55fc2b149ed6.tmp
The process cannot access the file because it is being used by another process.
C:\Users\casey\AppData\Local\Temp\22a83ffa-0dac-4ee3-869d-7f75d18396ee.tmp
The process cannot access the file because it is being used by another process.
C:\Users\casey\AppData\Local\Temp\25e25082-d802-44fd-a483-b9762f2690ad.tmp
The process cannot access the file because it is being used by another process.
C:\Users\casey\AppData\Local\Temp\2b04290e-45a9-44d5-8651-1eef934f8de7.tmp
The process cannot access the file because it is being used by another process.
C:\Users\casey\AppData\Local\Temp\2b5034a9-fe20-468c-b5e1-d68cc4274118.tmp
The process cannot access the file because it is being used by another process.
C:\Users\casey\AppData\Local\Temp\2d7cc148-84ec-4b62-90ef-8a62609c4483.tmp
The process cannot access the file because it is being used by another process.
C:\Users\casey\AppData\Local\Temp\2f827f42-808f-4207-a7a4-5e424728d126.tmp
The process cannot access the file because it is being used by another process.
C:\Users\casey\AppData\Local\Temp\35793829-5574-4107-b6b9-261b27593b53.tmp
The process cannot access the file because it is being used by another process.
C:\Users\casey\AppData\Local\Temp\39f756ec-3b17-40df-b1d2-1a2f35d5b2e5.tmp
The process cannot access the file because it is being used by another process.
C:\Users\casey\AppData\Local\Temp\44711f1e-b894-479c-9e21-597d7cd14c29.tmp
The process cannot access the file because it is being used by another process.
C:\Users\casey\AppData\Local\Temp\49ee6e6a-dfa7-4e17-a9c6-3da6e9df0691.tmp
The process cannot access the file because it is being used by another process.
C:\Users\casey\AppData\Local\Temp\562e198d-cd52-49cf-a82a-9b7e018597e7.tmp
The process cannot access the file because it is being used by another process.
C:\Users\casey\AppData\Local\Temp\56abdba0-3ded-403d-9885-6e438292d6a0.tmp
The process cannot access the file because it is being used by another process.
C:\Users\casey\AppData\Local\Temp\56ebdaf5-ac94-46cb-a5ee-e600941c2579.tmp
The process cannot access the file because it is being used by another process.
C:\Users\casey\AppData\Local\Temp\5b7f30b1-0872-461f-9c9e-e16b7df03b27.tmp
The process cannot access the file because it is being used by another process.
C:\Users\casey\AppData\Local\Temp\6094c867-b27c-4b6b-b8ef-809ee0314c15.tmp
The process cannot access the file because it is being used by another process.
C:\Users\casey\AppData\Local\Temp\6620b07f-81e9-4e24-8794-55fef62768ec.tmp
The process cannot access the file because it is being used by another process.
C:\Users\casey\AppData\Local\Temp\6b507c0d-6c2e-4f31-8756-307c8492c54a.tmp
The process cannot access the file because it is being used by another process.
C:\Users\casey\AppData\Local\Temp\6b857231-f544-4199-8b2a-b3e2e04de170.tmp
The process cannot access the file because it is being used by another process.
C:\Users\casey\AppData\Local\Temp\6c2d7a16-3bf7-4ffc-ae0e-09630c16da47.tmp
The process cannot access the file because it is being used by another process.
C:\Users\casey\AppData\Local\Temp\6d3879ca-00db-48cb-a8de-905e0b389791.tmp
The process cannot access the file because it is being used by another process.
C:\Users\casey\AppData\Local\Temp\705c39a4-7f57-4cfa-a958-fec90d3f4c2c.tmp
The process cannot access the file because it is being used by another process.
C:\Users\casey\AppData\Local\Temp\70f183af-ca6f-4710-9be8-cc00ec839773.tmp
The process cannot access the file because it is being used by another process.
C:\Users\casey\AppData\Local\Temp\71646045-c175-4526-a7ae-134695c6c390.tmp.node
Access is denied.
C:\Users\casey\AppData\Local\Temp\721a8695-9fc7-45e8-8039-8a5c15553b89.tmp
The process cannot access the file because it is being used by another process.
C:\Users\casey\AppData\Local\Temp\722511af-d1b2-4cb3-8db0-5c1047875241.tmp
The process cannot access the file because it is being used by another process.
C:\Users\casey\AppData\Local\Temp\7372129b-7749-41f9-aa11-9b1073687e4d.tmp
The process cannot access the file because it is being used by another process.
C:\Users\casey\AppData\Local\Temp\76d8ef8d-a164-4691-9b11-708b36cd6ccb.tmp.node
Access is denied.
C:\Users\casey\AppData\Local\Temp\77071dca-76d9-4899-af67-16a9f00b0722.tmp
The process cannot access the file because it is being used by another process.
C:\Users\casey\AppData\Local\Temp\796f1f7d-8c59-48d7-b45d-1357f521ee33.tmp
The process cannot access the file because it is being used by another process.
C:\Users\casey\AppData\Local\Temp\7b3d5753-d09e-4d03-aa67-20fcbbbc6ba4.tmp
The process cannot access the file because it is being used by another process.
C:\Users\casey\AppData\Local\Temp\83b85bc2-5d39-44ea-a353-c2826f7d2ecf.tmp
The process cannot access the file because it is being used by another process.
C:\Users\casey\AppData\Local\Temp\89ef9c5c-90da-41d9-b551-b4dc36fb2d85.tmp
The process cannot access the file because it is being used by another process.
C:\Users\casey\AppData\Local\Temp\8ad80021-3231-4304-8cbc-001bffb3523c.tmp
The process cannot access the file because it is being used by another process.
C:\Users\casey\AppData\Local\Temp\8af5ed74-75bd-4aa9-8784-98781440c665.tmp
The process cannot access the file because it is being used by another process.
C:\Users\casey\AppData\Local\Temp\9c6599ab-659c-4974-b337-b0ee5a571863.tmp
The process cannot access the file because it is being used by another process.
C:\Users\casey\AppData\Local\Temp\9d974b6c-172e-49a5-a5f4-753c24d858be.tmp.node
Access is denied.
C:\Users\casey\AppData\Local\Temp\9f4b5774-9feb-4a0c-8034-3809432391c2.tmp
The process cannot access the file because it is being used by another process.
C:\Users\casey\AppData\Local\Temp\a2e0631e-9f42-4aad-af95-b69d81df9df5.tmp
The process cannot access the file because it is being used by another process.
C:\Users\casey\AppData\Local\Temp\a3d7f3e5-54a9-404c-a682-c381eef1fd83.tmp.node
Access is denied.
C:\Users\casey\AppData\Local\Temp\a5b1100c-cc24-4348-b482-392f1902f6fe.tmp
The process cannot access the file because it is being used by another process.
C:\Users\casey\AppData\Local\Temp\a94f6b61-e7cc-4c7b-ab71-cd6e28f482f6.tmp
The process cannot access the file because it is being used by another process.
C:\Users\casey\AppData\Local\Temp\abaae56b-4999-4103-a53f-c49f21f30766.tmp
The process cannot access the file because it is being used by another process.
C:\Users\casey\AppData\Local\Temp\aea5f0c6-4dab-4f10-8a08-189b775bc1e2.tmp
The process cannot access the file because it is being used by another process.
C:\Users\casey\AppData\Local\Temp\af4a2791-a46b-4bd0-a23d-277966f3f0e0.tmp.node
Access is denied.
C:\Users\casey\AppData\Local\Temp\b7ba78d3-d921-48af-a680-478044d4765e.tmp
The process cannot access the file because it is being used by another process.
C:\Users\casey\AppData\Local\Temp\c4481b9b-6f77-415f-9af7-4449757eee5e.tmp
The process cannot access the file because it is being used by another process.
C:\Users\casey\AppData\Local\Temp\c826ef08-720d-4db9-bb90-a9b052e9cc6e.tmp.node
Access is denied.
C:\Users\casey\AppData\Local\Temp\c9680a2b-6348-4861-84c2-6d4214d59b2d.tmp
The process cannot access the file because it is being used by another process.
C:\Users\casey\AppData\Local\Temp\cc2346ae-5b29-4dde-aa05-05cb5110d458.tmp
The process cannot access the file because it is being used by another process.
C:\Users\casey\AppData\Local\Temp\ceeca6a4-7a30-46ea-97d5-a27998c11935.tmp
The process cannot access the file because it is being used by another process.
C:\Users\casey\AppData\Local\Temp\d0f81be1-bc4f-45fc-8f06-60a0f9681402.tmp
The process cannot access the file because it is being used by another process.
C:\Users\casey\AppData\Local\Temp\d14fecf4-b3a7-46b6-86a5-d624d1410726.tmp
The process cannot access the file because it is being used by another process.
C:\Users\casey\AppData\Local\Temp\d4094f51-cc45-4285-93fe-a41f818923bc.tmp
The process cannot access the file because it is being used by another process.
C:\Users\casey\AppData\Local\Temp\d734c751-d231-4c61-9954-785ec5a60c48.tmp
The process cannot access the file because it is being used by another process.
C:\Users\casey\AppData\Local\Temp\d7739809-2c61-4cd4-bb45-defa170b58d5.tmp
The process cannot access the file because it is being used by another process.
C:\Users\casey\AppData\Local\Temp\d9af5e6e-a4be-4892-8bcb-99be50cb5bf0.tmp.node
Access is denied.
C:\Users\casey\AppData\Local\Temp\dd162588-3961-477e-bc16-031118fcdeaf.tmp
The process cannot access the file because it is being used by another process.
C:\Users\casey\AppData\Local\Temp\ddb3b749-9995-41c6-b127-56190ded643e.tmp
The process cannot access the file because it is being used by another process.
C:\Users\casey\AppData\Local\Temp\ed36d8b5-4c8f-4934-82a3-02a841da1945.tmp.node
Access is denied.
C:\Users\casey\AppData\Local\Temp\edd6c16c-3819-4062-aa77-3d5c6cb79a90.tmp
The process cannot access the file because it is being used by another process.
C:\Users\casey\AppData\Local\Temp\f0d69f79-c02d-48fd-a9d7-50ce9cf1d13c.tmp
The process cannot access the file because it is being used by another process.
C:\Users\casey\AppData\Local\Temp\f7d495a7-ff02-4632-8312-232190a03d82.tmp
The process cannot access the file because it is being used by another process.
C:\Users\casey\AppData\Local\Temp\fd843d2d-b7ba-4cb9-b6cc-36e44308799c.tmp
The process cannot access the file because it is being used by another process.
C:\Users\casey\AppData\Local\Temp\lp.4FAF.tmp
The system cannot find the file specified.
C:\Users\casey\AppData\Local\Temp\pdf24.exe.stdout._0_91671_1402236595.log
The process cannot access the file because it is being used by another process.
C:\Users\casey\AppData\Local\Temp\todoPCTrans_CleanGenius.log
The process cannot access the file because it is being used by another process.
C:\Users\casey\AppData\Local\Temp\EBWebView\lockfile
The process cannot access the file because it is being used by another process.
C:\Users\casey\AppData\Local\Temp\EBWebView\Default\DashTrackerDatabase
The process cannot access the file because it is being used by another process.
C:\Users\casey\AppData\Local\Temp\EBWebView\Default\DIPS
The process cannot access the file because it is being used by another process.
C:\Users\casey\AppData\Local\Temp\EBWebView\Default\DIPS-shm
The process cannot access the file because it is being used by another process.
C:\Users\casey\AppData\Local\Temp\EBWebView\Default\DIPS-wal
The process cannot access the file because it is being used by another process.
C:\Users\casey\AppData\Local\Temp\EBWebView\Default\ExtensionActivityComp
The process cannot access the file because it is being used by another process.
C:\Users\casey\AppData\Local\Temp\EBWebView\Default\ExtensionActivityEdge
The process cannot access the file because it is being used by another process.
C:\Users\casey\AppData\Local\Temp\EBWebView\Default\heavy_ad_intervention_opt_out.db
The process cannot access the file because it is being used by another process.
C:\Users\casey\AppData\Local\Temp\EBWebView\Default\Login Data
The process cannot access the file because it is being used by another process.
C:\Users\casey\AppData\Local\Temp\EBWebView\Default\Network Action Predictor
The process cannot access the file because it is being used by another process.
C:\Users\casey\AppData\Local\Temp\EBWebView\Default\Network Action Predictor-journal
The process cannot access the file because it is being used by another process.
C:\Users\casey\AppData\Local\Temp\EBWebView\Default\SharedStorage
The process cannot access the file because it is being used by another process.
C:\Users\casey\AppData\Local\Temp\EBWebView\Default\SharedStorage-wal
The process cannot access the file because it is being used by another process.
C:\Users\casey\AppData\Local\Temp\EBWebView\Default\Top Sites
The process cannot access the file because it is being used by another process.
C:\Users\casey\AppData\Local\Temp\EBWebView\Default\Web Data
The process cannot access the file because it is being used by another process.
C:\Users\casey\AppData\Local\Temp\EBWebView\Default\Web Data-journal
The process cannot access the file because it is being used by another process.
C:\Users\casey\AppData\Local\Temp\EBWebView\Default\EdgeEDrop\EdgeEDropSQLite.db
The process cannot access the file because it is being used by another process.
C:\Users\casey\AppData\Local\Temp\EBWebView\Default\Extension Rules\000003.log
The process cannot access the file because it is being used by another process.
C:\Users\casey\AppData\Local\Temp\EBWebView\Default\Extension Rules\LOCK
The process cannot access the file because it is being used by another process.
C:\Users\casey\AppData\Local\Temp\EBWebView\Default\Extension Rules\LOG
The process cannot access the file because it is being used by another process.
C:\Users\casey\AppData\Local\Temp\EBWebView\Default\Extension Rules\MANIFEST-000001
The process cannot access the file because it is being used by another process.
C:\Users\casey\AppData\Local\Temp\EBWebView\Default\Extension Scripts\000003.log
The process cannot access the file because it is being used by another process.
C:\Users\casey\AppData\Local\Temp\EBWebView\Default\Extension Scripts\LOCK
The process cannot access the file because it is being used by another process.
C:\Users\casey\AppData\Local\Temp\EBWebView\Default\Extension Scripts\LOG
The process cannot access the file because it is being used by another process.
C:\Users\casey\AppData\Local\Temp\EBWebView\Default\Extension Scripts\MANIFEST-000001
The process cannot access the file because it is being used by another process.
C:\Users\casey\AppData\Local\Temp\EBWebView\Default\Extension State\000003.log
The process cannot access the file because it is being used by another process.
C:\Users\casey\AppData\Local\Temp\EBWebView\Default\Extension State\LOCK
The process cannot access the file because it is being used by another process.
C:\Users\casey\AppData\Local\Temp\EBWebView\Default\Extension State\LOG
The process cannot access the file because it is being used by another process.
C:\Users\casey\AppData\Local\Temp\EBWebView\Default\Extension State\MANIFEST-000001
The process cannot access the file because it is being used by another process.
C:\Users\casey\AppData\Local\Temp\EBWebView\Default\Local Storage\leveldb\000003.log
The process cannot access the file because it is being used by another process.
C:\Users\casey\AppData\Local\Temp\EBWebView\Default\Local Storage\leveldb\LOCK
The process cannot access the file because it is being used by another process.
C:\Users\casey\AppData\Local\Temp\EBWebView\Default\Local Storage\leveldb\LOG
The process cannot access the file because it is being used by another process.
C:\Users\casey\AppData\Local\Temp\EBWebView\Default\Local Storage\leveldb\MANIFEST-000001
The process cannot access the file because it is being used by another process.
C:\Users\casey\AppData\Local\Temp\EBWebView\Default\Network\Trust Tokens
The process cannot access the file because it is being used by another process.
C:\Users\casey\AppData\Local\Temp\EBWebView\Default\Network\Trust Tokens-journal
The process cannot access the file because it is being used by another process.
C:\Users\casey\AppData\Local\Temp\EBWebView\Default\Safe Browsing Network\Safe Browsing Cookies
The process cannot access the file because it is being used by another process.
C:\Users\casey\AppData\Local\Temp\EBWebView\Default\Session Storage\000003.log
The process cannot access the file because it is being used by another process.
C:\Users\casey\AppData\Local\Temp\EBWebView\Default\Session Storage\LOCK
The process cannot access the file because it is being used by another process.
C:\Users\casey\AppData\Local\Temp\EBWebView\Default\Session Storage\LOG
The process cannot access the file because it is being used by another process.
C:\Users\casey\AppData\Local\Temp\EBWebView\Default\Session Storage\MANIFEST-000001
The process cannot access the file because it is being used by another process.
C:\Users\casey\AppData\Local\Temp\EBWebView\Default\Shared Dictionary\db
The process cannot access the file because it is being used by another process.
C:\Users\casey\AppData\Local\Temp\EBWebView\Default\shared_proto_db\000003.log
The process cannot access the file because it is being used by another process.
C:\Users\casey\AppData\Local\Temp\EBWebView\Default\shared_proto_db\LOCK
The process cannot access the file because it is being used by another process.
C:\Users\casey\AppData\Local\Temp\EBWebView\Default\shared_proto_db\LOG
The process cannot access the file because it is being used by another process.
C:\Users\casey\AppData\Local\Temp\EBWebView\Default\shared_proto_db\MANIFEST-000001
The process cannot access the file because it is being used by another process.
C:\Users\casey\AppData\Local\Temp\EBWebView\Default\shared_proto_db\metadata\000003.log
The process cannot access the file because it is being used by another process.
C:\Users\casey\AppData\Local\Temp\EBWebView\Default\shared_proto_db\metadata\LOCK
The process cannot access the file because it is being used by another process.
C:\Users\casey\AppData\Local\Temp\EBWebView\Default\shared_proto_db\metadata\LOG
The process cannot access the file because it is being used by another process.
C:\Users\casey\AppData\Local\Temp\EBWebView\Default\shared_proto_db\metadata\MANIFEST-000001
The process cannot access the file because it is being used by another process.
C:\Users\casey\AppData\Local\Temp\EBWebView\Default\Site Characteristics Database\000003.log
The process cannot access the file because it is being used by another process.
C:\Users\casey\AppData\Local\Temp\EBWebView\Default\Site Characteristics Database\LOCK
The process cannot access the file because it is being used by another process.
C:\Users\casey\AppData\Local\Temp\EBWebView\Default\Site Characteristics Database\LOG
The process cannot access the file because it is being used by another process.
C:\Users\casey\AppData\Local\Temp\EBWebView\Default\Site Characteristics Database\MANIFEST-000001
The process cannot access the file because it is being used by another process.
C:\Users\casey\AppData\Local\Temp\EBWebView\Default\Sync Data\LevelDB\000003.log
The process cannot access the file because it is being used by another process.
C:\Users\casey\AppData\Local\Temp\EBWebView\Default\Sync Data\LevelDB\LOCK
The process cannot access the file because it is being used by another process.
C:\Users\casey\AppData\Local\Temp\EBWebView\Default\Sync Data\LevelDB\LOG
The process cannot access the file because it is being used by another process.
C:\Users\casey\AppData\Local\Temp\EBWebView\Default\Sync Data\LevelDB\MANIFEST-000001
The process cannot access the file because it is being used by another process.
C:\Users\casey\AppData\Local\Temp\EBWebView\Default\WebStorage\QuotaManager
The process cannot access the file because it is being used by another process.
C:\Users\casey\AppData\Local\Temp\EBWebView\Default\WebStorage\QuotaManager-journal
The process cannot access the file because it is being used by another process.
C:\Users\casey\AppData\Local\Temp\EBWebView\Domain Actions\3.0.0.14\domain_actions.dll
Access is denied.
C:\Users\casey\AppData\Local\Temp\EBWebView\ZxcvbnData\3.1.0.0\ranked_dicts
The process cannot access the file because it is being used by another process.
Deleted file - C:\WINDOWS\Temp\.ses
C:\WINDOWS\Temp\NEWAYGE-20250517-2030.log
The process cannot access the file because it is being used by another process.
C:\WINDOWS\Temp\pdf24.exe.stdout._0_20906_1839449211.log
The process cannot access the file because it is being used by another process.
C:\Users\casey\AppData\Local\Temp\06193c51-4f80-49c9-b3a1-ee3c5e11c711.tmp.node - Access is denied.
C:\Users\casey\AppData\Local\Temp\0640abae-4d05-4329-85b9-015f1f190b1a.tmp - The process cannot access the file because it is being used by another process.
C:\Users\casey\AppData\Local\Temp\08a23dad-c0bc-4e0c-a07c-57fcf0ff88c3.tmp.node - Access is denied.
C:\Users\casey\AppData\Local\Temp\08f9dc27-ab9b-4f1b-81bf-e1e51e8cf30b.tmp - The process cannot access the file because it is being used by another process.
C:\Users\casey\AppData\Local\Temp\090656a6-127c-4772-a7a3-a1a8fe522b4b.tmp - The process cannot access the file because it is being used by another process.
C:\Users\casey\AppData\Local\Temp\0b9306a8-40d2-4ac0-8def-462357d8cd64.tmp - The process cannot access the file because it is being used by another process.
C:\Users\casey\AppData\Local\Temp\0e3edaa9-cf9f-4b01-a171-7d3ea046d8c4.tmp - The process cannot access the file because it is being used by another process.
C:\Users\casey\AppData\Local\Temp\11d56e88-6309-49d2-ac3f-3f5e4f046403.tmp - The process cannot access the file because it is being used by another process.
C:\Users\casey\AppData\Local\Temp\1223d71e-cac2-4a18-99a4-ed02e5ebab0a.tmp - The process cannot access the file because it is being used by another process.
C:\Users\casey\AppData\Local\Temp\12e46a3e-f20f-4ff6-941d-5f1719c69bc1.tmp - The process cannot access the file because it is being used by another process.
C:\Users\casey\AppData\Local\Temp\162cb51a-09c1-416d-b9ac-8c5f6f8cf8b4.tmp - The process cannot access the file because it is being used by another process.
C:\Users\casey\AppData\Local\Temp\167b0709-45aa-4c2f-b35e-9c3689663a9f.tmp - The process cannot access the file because it is being used by another process.
C:\Users\casey\AppData\Local\Temp\17c1b8ef-b677-46ed-8747-340a26dafc61.tmp - The process cannot access the file because it is being used by another process.
C:\Users\casey\AppData\Local\Temp\1a1539f5-ba80-4b99-a491-04d39fc687af.tmp - The process cannot access the file because it is being used by another process.
C:\Users\casey\AppData\Local\Temp\1b5dcd28-ef73-43f1-910a-d84a23e84f47.tmp - The process cannot access the file because it is being used by another process.
C:\Users\casey\AppData\Local\Temp\1dd6e094-778c-4a22-b857-55fc2b149ed6.tmp - The process cannot access the file because it is being used by another process.
C:\Users\casey\AppData\Local\Temp\22a83ffa-0dac-4ee3-869d-7f75d18396ee.tmp - The process cannot access the file because it is being used by another process.
C:\Users\casey\AppData\Local\Temp\25e25082-d802-44fd-a483-b9762f2690ad.tmp - The process cannot access the file because it is being used by another process.
C:\Users\casey\AppData\Local\Temp\2b04290e-45a9-44d5-8651-1eef934f8de7.tmp - The process cannot access the file because it is being used by another process.
C:\Users\casey\AppData\Local\Temp\2b5034a9-fe20-468c-b5e1-d68cc4274118.tmp - The process cannot access the file because it is being used by another process.
C:\Users\casey\AppData\Local\Temp\2d7cc148-84ec-4b62-90ef-8a62609c4483.tmp - The process cannot access the file because it is being used by another process.
C:\Users\casey\AppData\Local\Temp\2f827f42-808f-4207-a7a4-5e424728d126.tmp - The process cannot access the file because it is being used by another process.
C:\Users\casey\AppData\Local\Temp\35793829-5574-4107-b6b9-261b27593b53.tmp - The process cannot access the file because it is being used by another process.
C:\Users\casey\AppData\Local\Temp\39f756ec-3b17-40df-b1d2-1a2f35d5b2e5.tmp - The process cannot access the file because it is being used by another process.
C:\Users\casey\AppData\Local\Temp\44711f1e-b894-479c-9e21-597d7cd14c29.tmp - The process cannot access the file because it is being used by another process.
C:\Users\casey\AppData\Local\Temp\49ee6e6a-dfa7-4e17-a9c6-3da6e9df0691.tmp - The process cannot access the file because it is being used by another process.
C:\Users\casey\AppData\Local\Temp\562e198d-cd52-49cf-a82a-9b7e018597e7.tmp - The process cannot access the file because it is being used by another process.
C:\Users\casey\AppData\Local\Temp\56abdba0-3ded-403d-9885-6e438292d6a0.tmp - The process cannot access the file because it is being used by another process.
C:\Users\casey\AppData\Local\Temp\56ebdaf5-ac94-46cb-a5ee-e600941c2579.tmp - The process cannot access the file because it is being used by another process.
C:\Users\casey\AppData\Local\Temp\5b7f30b1-0872-461f-9c9e-e16b7df03b27.tmp - The process cannot access the file because it is being used by another process.
C:\Users\casey\AppData\Local\Temp\6094c867-b27c-4b6b-b8ef-809ee0314c15.tmp - The process cannot access the file because it is being used by another process.
C:\Users\casey\AppData\Local\Temp\6620b07f-81e9-4e24-8794-55fef62768ec.tmp - The process cannot access the file because it is being used by another process.
C:\Users\casey\AppData\Local\Temp\6b507c0d-6c2e-4f31-8756-307c8492c54a.tmp - The process cannot access the file because it is being used by another process.
C:\Users\casey\AppData\Local\Temp\6b857231-f544-4199-8b2a-b3e2e04de170.tmp - The process cannot access the file because it is being used by another process.
C:\Users\casey\AppData\Local\Temp\6c2d7a16-3bf7-4ffc-ae0e-09630c16da47.tmp - The process cannot access the file because it is being used by another process.
C:\Users\casey\AppData\Local\Temp\6d3879ca-00db-48cb-a8de-905e0b389791.tmp - The process cannot access the file because it is being used by another process.
C:\Users\casey\AppData\Local\Temp\705c39a4-7f57-4cfa-a958-fec90d3f4c2c.tmp - The process cannot access the file because it is being used by another process.
C:\Users\casey\AppData\Local\Temp\70f183af-ca6f-4710-9be8-cc00ec839773.tmp - The process cannot access the file because it is being used by another process.
C:\Users\casey\AppData\Local\Temp\71646045-c175-4526-a7ae-134695c6c390.tmp.node - Access is denied.
C:\Users\casey\AppData\Local\Temp\721a8695-9fc7-45e8-8039-8a5c15553b89.tmp - The process cannot access the file because it is being used by another process.
C:\Users\casey\AppData\Local\Temp\722511af-d1b2-4cb3-8db0-5c1047875241.tmp - The process cannot access the file because it is being used by another process.
C:\Users\casey\AppData\Local\Temp\7372129b-7749-41f9-aa11-9b1073687e4d.tmp - The process cannot access the file because it is being used by another process.
C:\Users\casey\AppData\Local\Temp\76d8ef8d-a164-4691-9b11-708b36cd6ccb.tmp.node - Access is denied.
C:\Users\casey\AppData\Local\Temp\77071dca-76d9-4899-af67-16a9f00b0722.tmp - The process cannot access the file because it is being used by another process.
C:\Users\casey\AppData\Local\Temp\796f1f7d-8c59-48d7-b45d-1357f521ee33.tmp - The process cannot access the file because it is being used by another process.
C:\Users\casey\AppData\Local\Temp\7b3d5753-d09e-4d03-aa67-20fcbbbc6ba4.tmp - The process cannot access the file because it is being used by another process.
C:\Users\casey\AppData\Local\Temp\83b85bc2-5d39-44ea-a353-c2826f7d2ecf.tmp - The process cannot access the file because it is being used by another process.
C:\Users\casey\AppData\Local\Temp\89ef9c5c-90da-41d9-b551-b4dc36fb2d85.tmp - The process cannot access the file because it is being used by another process.
C:\Users\casey\AppData\Local\Temp\8ad80021-3231-4304-8cbc-001bffb3523c.tmp - The process cannot access the file because it is being used by another process.
C:\Users\casey\AppData\Local\Temp\8af5ed74-75bd-4aa9-8784-98781440c665.tmp - The process cannot access the file because it is being used by another process.
C:\Users\casey\AppData\Local\Temp\9c6599ab-659c-4974-b337-b0ee5a571863.tmp - The process cannot access the file because it is being used by another process.
C:\Users\casey\AppData\Local\Temp\9d974b6c-172e-49a5-a5f4-753c24d858be.tmp.node - Access is denied.
C:\Users\casey\AppData\Local\Temp\9f4b5774-9feb-4a0c-8034-3809432391c2.tmp - The process cannot access the file because it is being used by another process.
C:\Users\casey\AppData\Local\Temp\a2e0631e-9f42-4aad-af95-b69d81df9df5.tmp - The process cannot access the file because it is being used by another process.
C:\Users\casey\AppData\Local\Temp\a3d7f3e5-54a9-404c-a682-c381eef1fd83.tmp.node - Access is denied.
C:\Users\casey\AppData\Local\Temp\a5b1100c-cc24-4348-b482-392f1902f6fe.tmp - The process cannot access the file because it is being used by another process.
C:\Users\casey\AppData\Local\Temp\a94f6b61-e7cc-4c7b-ab71-cd6e28f482f6.tmp - The process cannot access the file because it is being used by another process.
C:\Users\casey\AppData\Local\Temp\abaae56b-4999-4103-a53f-c49f21f30766.tmp - The process cannot access the file because it is being used by another process.
C:\Users\casey\AppData\Local\Temp\aea5f0c6-4dab-4f10-8a08-189b775bc1e2.tmp - The process cannot access the file because it is being used by another process.
C:\Users\casey\AppData\Local\Temp\af4a2791-a46b-4bd0-a23d-277966f3f0e0.tmp.node - Access is denied.
C:\Users\casey\AppData\Local\Temp\b7ba78d3-d921-48af-a680-478044d4765e.tmp - The process cannot access the file because it is being used by another process.
C:\Users\casey\AppData\Local\Temp\c4481b9b-6f77-415f-9af7-4449757eee5e.tmp - The process cannot access the file because it is being used by another process.
C:\Users\casey\AppData\Local\Temp\c826ef08-720d-4db9-bb90-a9b052e9cc6e.tmp.node - Access is denied.
C:\Users\casey\AppData\Local\Temp\c9680a2b-6348-4861-84c2-6d4214d59b2d.tmp - The process cannot access the file because it is being used by another process.
C:\Users\casey\AppData\Local\Temp\cc2346ae-5b29-4dde-aa05-05cb5110d458.tmp - The process cannot access the file because it is being used by another process.
C:\Users\casey\AppData\Local\Temp\ceeca6a4-7a30-46ea-97d5-a27998c11935.tmp - The process cannot access the file because it is being used by another process.
C:\Users\casey\AppData\Local\Temp\d0f81be1-bc4f-45fc-8f06-60a0f9681402.tmp - The process cannot access the file because it is being used by another process.
C:\Users\casey\AppData\Local\Temp\d14fecf4-b3a7-46b6-86a5-d624d1410726.tmp - The process cannot access the file because it is being used by another process.
C:\Users\casey\AppData\Local\Temp\d4094f51-cc45-4285-93fe-a41f818923bc.tmp - The process cannot access the file because it is being used by another process.
C:\Users\casey\AppData\Local\Temp\d734c751-d231-4c61-9954-785ec5a60c48.tmp - The process cannot access the file because it is being used by another process.
C:\Users\casey\AppData\Local\Temp\d7739809-2c61-4cd4-bb45-defa170b58d5.tmp - The process cannot access the file because it is being used by another process.
C:\Users\casey\AppData\Local\Temp\d9af5e6e-a4be-4892-8bcb-99be50cb5bf0.tmp.node - Access is denied.
C:\Users\casey\AppData\Local\Temp\dd162588-3961-477e-bc16-031118fcdeaf.tmp - The process cannot access the file because it is being used by another process.
C:\Users\casey\AppData\Local\Temp\ddb3b749-9995-41c6-b127-56190ded643e.tmp - The process cannot access the file because it is being used by another process.
C:\Users\casey\AppData\Local\Temp\EBWebView\Default\DashTrackerDatabase - The process cannot access the file because it is being used by another process.
C:\Users\casey\AppData\Local\Temp\EBWebView\Default\DIPS - The process cannot access the file because it is being used by another process.
C:\Users\casey\AppData\Local\Temp\EBWebView\Default\DIPS-shm - The process cannot access the file because it is being used by another process.
C:\Users\casey\AppData\Local\Temp\EBWebView\Default\DIPS-wal - The process cannot access the file because it is being used by another process.
C:\Users\casey\AppData\Local\Temp\EBWebView\Default\EdgeEDrop\EdgeEDropSQLite.db - The process cannot access the file because it is being used by another process.
C:\Users\casey\AppData\Local\Temp\EBWebView\Default\Extension Rules\000003.log - The process cannot access the file because it is being used by another process.
C:\Users\casey\AppData\Local\Temp\EBWebView\Default\Extension Rules\LOCK - The process cannot access the file because it is being used by another process.
C:\Users\casey\AppData\Local\Temp\EBWebView\Default\Extension Rules\LOG - The process cannot access the file because it is being used by another process.
C:\Users\casey\AppData\Local\Temp\EBWebView\Default\Extension Rules\MANIFEST-000001 - The process cannot access the file because it is being used by another process.
C:\Users\casey\AppData\Local\Temp\EBWebView\Default\Extension Scripts\000003.log - The process cannot access the file because it is being used by another process.
C:\Users\casey\AppData\Local\Temp\EBWebView\Default\Extension Scripts\LOCK - The process cannot access the file because it is being used by another process.
C:\Users\casey\AppData\Local\Temp\EBWebView\Default\Extension Scripts\LOG - The process cannot access the file because it is being used by another process.
C:\Users\casey\AppData\Local\Temp\EBWebView\Default\Extension Scripts\MANIFEST-000001 - The process cannot access the file because it is being used by another process.
C:\Users\casey\AppData\Local\Temp\EBWebView\Default\Extension State\000003.log - The process cannot access the file because it is being used by another process.
C:\Users\casey\AppData\Local\Temp\EBWebView\Default\Extension State\LOCK - The process cannot access the file because it is being used by another process.
C:\Users\casey\AppData\Local\Temp\EBWebView\Default\Extension State\LOG - The process cannot access the file because it is being used by another process.
C:\Users\casey\AppData\Local\Temp\EBWebView\Default\Extension State\MANIFEST-000001 - The process cannot access the file because it is being used by another process.
C:\Users\casey\AppData\Local\Temp\EBWebView\Default\ExtensionActivityComp - The process cannot access the file because it is being used by another process.
C:\Users\casey\AppData\Local\Temp\EBWebView\Default\ExtensionActivityEdge - The process cannot access the file because it is being used by another process.
C:\Users\casey\AppData\Local\Temp\EBWebView\Default\heavy_ad_intervention_opt_out.db - The process cannot access the file because it is being used by another process.
C:\Users\casey\AppData\Local\Temp\EBWebView\Default\Local Storage\leveldb\000003.log - The process cannot access the file because it is being used by another process.
C:\Users\casey\AppData\Local\Temp\EBWebView\Default\Local Storage\leveldb\LOCK - The process cannot access the file because it is being used by another process.
C:\Users\casey\AppData\Local\Temp\EBWebView\Default\Local Storage\leveldb\LOG - The process cannot access the file because it is being used by another process.
C:\Users\casey\AppData\Local\Temp\EBWebView\Default\Local Storage\leveldb\MANIFEST-000001 - The process cannot access the file because it is being used by another process.
C:\Users\casey\AppData\Local\Temp\EBWebView\Default\Login Data - The process cannot access the file because it is being used by another process.
C:\Users\casey\AppData\Local\Temp\EBWebView\Default\Network\Trust Tokens - The process cannot access the file because it is being used by another process.
C:\Users\casey\AppData\Local\Temp\EBWebView\Default\Network\Trust Tokens-journal - The process cannot access the file because it is being used by another process.
C:\Users\casey\AppData\Local\Temp\EBWebView\Default\Network Action Predictor - The process cannot access the file because it is being used by another process.
C:\Users\casey\AppData\Local\Temp\EBWebView\Default\Network Action Predictor-journal - The process cannot access the file because it is being used by another process.
C:\Users\casey\AppData\Local\Temp\EBWebView\Default\Safe Browsing Network\Safe Browsing Cookies - The process cannot access the file because it is being used by another process.
C:\Users\casey\AppData\Local\Temp\EBWebView\Default\Session Storage\000003.log - The process cannot access the file because it is being used by another process.
C:\Users\casey\AppData\Local\Temp\EBWebView\Default\Session Storage\LOCK - The process cannot access the file because it is being used by another process.
C:\Users\casey\AppData\Local\Temp\EBWebView\Default\Session Storage\LOG - The process cannot access the file because it is being used by another process.
C:\Users\casey\AppData\Local\Temp\EBWebView\Default\Session Storage\MANIFEST-000001 - The process cannot access the file because it is being used by another process.
C:\Users\casey\AppData\Local\Temp\EBWebView\Default\Shared Dictionary\db - The process cannot access the file because it is being used by another process.
C:\Users\casey\AppData\Local\Temp\EBWebView\Default\SharedStorage - The process cannot access the file because it is being used by another process.
C:\Users\casey\AppData\Local\Temp\EBWebView\Default\SharedStorage-wal - The process cannot access the file because it is being used by another process.
C:\Users\casey\AppData\Local\Temp\EBWebView\Default\shared_proto_db\000003.log - The process cannot access the file because it is being used by another process.
C:\Users\casey\AppData\Local\Temp\EBWebView\Default\shared_proto_db\LOCK - The process cannot access the file because it is being used by another process.
C:\Users\casey\AppData\Local\Temp\EBWebView\Default\shared_proto_db\LOG - The process cannot access the file because it is being used by another process.
C:\Users\casey\AppData\Local\Temp\EBWebView\Default\shared_proto_db\MANIFEST-000001 - The process cannot access the file because it is being used by another process.
C:\Users\casey\AppData\Local\Temp\EBWebView\Default\shared_proto_db\metadata\000003.log - The process cannot access the file because it is being used by another process.
C:\Users\casey\AppData\Local\Temp\EBWebView\Default\shared_proto_db\metadata\LOCK - The process cannot access the file because it is being used by another process.
C:\Users\casey\AppData\Local\Temp\EBWebView\Default\shared_proto_db\metadata\LOG - The process cannot access the file because it is being used by another process.
C:\Users\casey\AppData\Local\Temp\EBWebView\Default\shared_proto_db\metadata\MANIFEST-000001 - The process cannot access the file because it is being used by another process.
C:\Users\casey\AppData\Local\Temp\EBWebView\Default\Site Characteristics Database\000003.log - The process cannot access the file because it is being used by another process.
C:\Users\casey\AppData\Local\Temp\EBWebView\Default\Site Characteristics Database\LOCK - The process cannot access the file because it is being used by another process.
C:\Users\casey\AppData\Local\Temp\EBWebView\Default\Site Characteristics Database\LOG - The process cannot access the file because it is being used by another process.
C:\Users\casey\AppData\Local\Temp\EBWebView\Default\Site Characteristics Database\MANIFEST-000001 - The process cannot access the file because it is being used by another process.
C:\Users\casey\AppData\Local\Temp\EBWebView\Default\Sync Data\LevelDB\000003.log - The process cannot access the file because it is being used by another process.
C:\Users\casey\AppData\Local\Temp\EBWebView\Default\Sync Data\LevelDB\LOCK - The process cannot access the file because it is being used by another process.
C:\Users\casey\AppData\Local\Temp\EBWebView\Default\Sync Data\LevelDB\LOG - The process cannot access the file because it is being used by another process.
C:\Users\casey\AppData\Local\Temp\EBWebView\Default\Sync Data\LevelDB\MANIFEST-000001 - The process cannot access the file because it is being used by another process.
C:\Users\casey\AppData\Local\Temp\EBWebView\Default\Top Sites - The process cannot access the file because it is being used by another process.
C:\Users\casey\AppData\Local\Temp\EBWebView\Default\Web Data - The process cannot access the file because it is being used by another process.
C:\Users\casey\AppData\Local\Temp\EBWebView\Default\Web Data-journal - The process cannot access the file because it is being used by another process.
C:\Users\casey\AppData\Local\Temp\EBWebView\Default\WebStorage\QuotaManager - The process cannot access the file because it is being used by another process.
C:\Users\casey\AppData\Local\Temp\EBWebView\Default\WebStorage\QuotaManager-journal - The process cannot access the file because it is being used by another process.
C:\Users\casey\AppData\Local\Temp\EBWebView\Domain Actions\3.0.0.14\domain_actions.dll - Access is denied.
C:\Users\casey\AppData\Local\Temp\EBWebView\lockfile - The process cannot access the file because it is being used by another process.
C:\Users\casey\AppData\Local\Temp\EBWebView\ZxcvbnData\3.1.0.0\ranked_dicts - The process cannot access the file because it is being used by another process.
C:\Users\casey\AppData\Local\Temp\ed36d8b5-4c8f-4934-82a3-02a841da1945.tmp.node - Access is denied.
C:\Users\casey\AppData\Local\Temp\edd6c16c-3819-4062-aa77-3d5c6cb79a90.tmp - The process cannot access the file because it is being used by another process.
C:\Users\casey\AppData\Local\Temp\f0d69f79-c02d-48fd-a9d7-50ce9cf1d13c.tmp - The process cannot access the file because it is being used by another process.
C:\Users\casey\AppData\Local\Temp\f7d495a7-ff02-4632-8312-232190a03d82.tmp - The process cannot access the file because it is being used by another process.
C:\Users\casey\AppData\Local\Temp\fd843d2d-b7ba-4cb9-b6cc-36e44308799c.tmp - The process cannot access the file because it is being used by another process.
C:\Users\casey\AppData\Local\Temp\pdf24.exe.stdout._0_91671_1402236595.log - The process cannot access the file because it is being used by another process.
C:\Users\casey\AppData\Local\Temp\todoPCTrans_CleanGenius.log - The process cannot access the file because it is being used by another process.
A subdirectory or file C:\Users\casey\AppData\Local\Temp already exists.
  
 Y o u   m u s t   b e   a n   a d m i n i s t r a t o r   r u n n i n g   a   c o n s o l e   s e s s i o n   i n   o r d e r   t o     
 u s e   t h e   s f c   u t i l i t y .   
 
Error: 740

Elevated permissions are required to run DISM. 
Use an elevated command prompt to complete these tasks.

Windows IP Configuration

Successfully flushed the DNS Resolver Cache.
The requested operation requires elevation (Run as administrator).

Resetting Compartment Forwarding, OK!
Resetting Compartment, OK!
Resetting Control Protocol, OK!
Resetting Echo Sequence Request, OK!
Resetting Global, failed.
The requested operation requires elevation (Run as administrator).
Resetting Interface, OK!
Resetting Anycast Address, OK!
Resetting Multicast Address, OK!
Resetting Unicast Address, OK!
Resetting Neighbor, failed.
The requested operation requires elevation (Run as administrator).
Resetting Path, failed.
The requested operation requires elevation (Run as administrator).
Resetting Potential, OK!
Resetting Prefix Policy, OK!
Resetting Proxy Neighbor, OK!
Resetting Route, failed.
The requested operation requires elevation (Run as administrator).
Resetting Site Prefix, OK!
Resetting Subinterface, OK!
Resetting Wakeup Pattern, OK!
Resetting Resolve Neighbor, OK!
Resetting , OK!
Resetting , OK!
Resetting , OK!
Resetting , OK!
Resetting , failed.
The requested operation requires elevation (Run as administrator).
Resetting , OK!
Resetting , OK!
Resetting , OK!
Resetting , failed.
The requested operation requires elevation (Run as administrator).
Resetting , OK!
Resetting , OK!
Resetting , OK!
Resetting , OK!
Resetting , OK!
Resetting , OK!
Restart the computer to complete this action.

Deleted file - C:\Users\casey\AppData\Local\Microsoft\Windows\Explorer\thumbcache_1280.db
Deleted file - C:\Users\casey\AppData\Local\Microsoft\Windows\Explorer\thumbcache_16.db
Deleted file - C:\Users\casey\AppData\Local\Microsoft\Windows\Explorer\thumbcache_1920.db
Deleted file - C:\Users\casey\AppData\Local\Microsoft\Windows\Explorer\thumbcache_256.db
Deleted file - C:\Users\casey\AppData\Local\Microsoft\Windows\Explorer\thumbcache_2560.db
Deleted file - C:\Users\casey\AppData\Local\Microsoft\Windows\Explorer\thumbcache_32.db
Deleted file - C:\Users\casey\AppData\Local\Microsoft\Windows\Explorer\thumbcache_48.db
Deleted file - C:\Users\casey\AppData\Local\Microsoft\Windows\Explorer\thumbcache_768.db
Deleted file - C:\Users\casey\AppData\Local\Microsoft\Windows\Explorer\thumbcache_96.db
Deleted file - C:\Users\casey\AppData\Local\Microsoft\Windows\Explorer\thumbcache_custom_stream.db
Deleted file - C:\Users\casey\AppData\Local\Microsoft\Windows\Explorer\thumbcache_exif.db
Deleted file - C:\Users\casey\AppData\Local\Microsoft\Windows\Explorer\thumbcache_idx.db
Deleted file - C:\Users\casey\AppData\Local\Microsoft\Windows\Explorer\thumbcache_sr.db
Deleted file - C:\Users\casey\AppData\Local\Microsoft\Windows\Explorer\thumbcache_wide.db
Deleted file - C:\Users\casey\AppData\Local\Microsoft\Windows\Explorer\thumbcache_wide_alternate.db
Updating property(s) of '\\NEWAYGE\ROOT\CIMV2:Win32_PageFileUsage.Name="C:\\pagefile.sys"'
Access Denied as you do not have sufficient privileges or
the disk may be locked by another process.
You have to invoke this utility running in elevated mode
and make sure the disk is unlocked.
