Deleted file - C:\Users\casey\AppData\Local\Temp\.ses
Deleted file - C:\Users\casey\AppData\Local\Temp\02a4abd3-393b-409f-a7e1-22fb32f6b33d.tmp.node
C:\Users\casey\AppData\Local\Temp\054547db-0cd6-4cb0-b57c-cfaeeeb77c75.tmp.node
Access is denied.
C:\Users\casey\AppData\Local\Temp\05bc420c-3b5e-4b99-9c9a-9d824dfef1b8.tmp
The process cannot access the file because it is being used by another process.
Deleted file - C:\Users\casey\AppData\Local\Temp\05c3c837-dba0-431d-a179-1b41aaa7cb83.tmp.node
C:\Users\casey\AppData\Local\Temp\05d486d4-0df2-44d3-911f-348af5330efe.tmp
The process cannot access the file because it is being used by another process.
C:\Users\casey\AppData\Local\Temp\060ac439-70ff-4ffe-8c58-304ed6351108.tmp
The process cannot access the file because it is being used by another process.
Deleted file - C:\Users\casey\AppData\Local\Temp\07656841-fd36-47be-9b30-06dbc28e3c2b.tmp.node
Deleted file - C:\Users\casey\AppData\Local\Temp\09d61850-598a-4db4-bb76-ca4d1e444287.tmp.node
C:\Users\casey\AppData\Local\Temp\0d34ddf4-b449-4644-b201-41bdf329dd2e.tmp
The process cannot access the file because it is being used by another process.
C:\Users\casey\AppData\Local\Temp\13a4f4ef-6195-493e-a109-b686c89220cf.tmp
The process cannot access the file because it is being used by another process.
C:\Users\casey\AppData\Local\Temp\14950988-58b1-40b4-835e-f3e762533c00.tmp
The process cannot access the file because it is being used by another process.
Deleted file - C:\Users\casey\AppData\Local\Temp\1544fbfe-f84a-4101-bffb-0989866a6fbe.tmp.node
Deleted file - C:\Users\casey\AppData\Local\Temp\1572d1a1-7235-4f3e-93cf-19d014b5e3f9.tmp.ico
C:\Users\casey\AppData\Local\Temp\15fb3ed9-e92c-4455-bb59-88b9e9d09bbb.tmp.node
Access is denied.
Deleted file - C:\Users\casey\AppData\Local\Temp\19b493cd-5665-4991-9614-3f66f17fd9f8.tmp.node
Deleted file - C:\Users\casey\AppData\Local\Temp\1c186241-eac3-4ed6-930f-725cfa1c61ad.tmp.jpg
C:\Users\casey\AppData\Local\Temp\1c25028d-ad07-4f0f-b991-96ed02b7f275.tmp
The process cannot access the file because it is being used by another process.
C:\Users\casey\AppData\Local\Temp\1da492d7-883a-4eb2-a03a-3fd43f5df09b.tmp
The process cannot access the file because it is being used by another process.
C:\Users\casey\AppData\Local\Temp\1eaf241b-bfcd-486c-8768-d8e14198f281.tmp
The process cannot access the file because it is being used by another process.
C:\Users\casey\AppData\Local\Temp\1fd43050-f476-43fc-9e35-02d1281a4411.tmp.node
Access is denied.
Deleted file - C:\Users\casey\AppData\Local\Temp\222e10fa-f54e-49bb-b5c8-120667503477.tmp.ico
C:\Users\casey\AppData\Local\Temp\236e122a-8742-4ec5-9517-d37c7d57d7af.tmp.node
Access is denied.
Deleted file - C:\Users\casey\AppData\Local\Temp\24d88cb1-d65f-4861-90bf-3663f7ac0111.tmp.jpg
C:\Users\casey\AppData\Local\Temp\26c901eb-bf7f-44c8-b730-86ef5af05793.tmp
The process cannot access the file because it is being used by another process.
Deleted file - C:\Users\casey\AppData\Local\Temp\2728a535-6101-4f96-882c-c3974baf46d1.tmp.node
Deleted file - C:\Users\casey\AppData\Local\Temp\2cbe2a93-29f7-47de-bba7-4c64f4f45d5b.tmp.ico
Deleted file - C:\Users\casey\AppData\Local\Temp\2d599a3e-ff99-4658-9775-f5f71df6fb4a.tmp.node
Deleted file - C:\Users\casey\AppData\Local\Temp\2fdff50c-7260-4428-96fe-36887b3e5460.tmp.node
Deleted file - C:\Users\casey\AppData\Local\Temp\316db9cf-b8b0-4743-9bb7-1172129a66a7.tmp.ico
Deleted file - C:\Users\casey\AppData\Local\Temp\32ad982c-abe1-4011-ae41-75df3ca79d13.tmp.node
Deleted file - C:\Users\casey\AppData\Local\Temp\32c02bef-aa34-4f8a-9457-c0c6be781cfa.tmp.jpg
Deleted file - C:\Users\casey\AppData\Local\Temp\366a75ff-adb0-4ed7-9622-c5f28e85f686.tmp.ico
Deleted file - C:\Users\casey\AppData\Local\Temp\36a08eaf-53fd-4275-a49e-6e53df902879.tmp.ico
Deleted file - C:\Users\casey\AppData\Local\Temp\37c2789a-16e9-4ac5-8f9f-e0d3c625eb22.tmp.node
Deleted file - C:\Users\casey\AppData\Local\Temp\3847082a-0ee7-4161-84c3-72e9f88f03ad.tmp.ico
Deleted file - C:\Users\casey\AppData\Local\Temp\399e9a9a-a4a0-4fba-85fa-d27c41425c55.tmp.node
C:\Users\casey\AppData\Local\Temp\39a7ba09-cc64-4084-8272-e2b4382a8dcc.tmp
The process cannot access the file because it is being used by another process.
Deleted file - C:\Users\casey\AppData\Local\Temp\39b284a9-1fe4-4fb5-bd97-e359991d7d56.tmp.ico
Deleted file - C:\Users\casey\AppData\Local\Temp\3ac2f5df-7764-43be-9d3b-670499fa3256.tmp.node
Deleted file - C:\Users\casey\AppData\Local\Temp\44958b75-7bea-4e66-9ce8-b39dcb447c87.tmp.ico
Deleted file - C:\Users\casey\AppData\Local\Temp\44cb0279-5f41-4783-9d33-71e09064a606.tmp.jpg
Deleted file - C:\Users\casey\AppData\Local\Temp\454ac921-a2cf-49c1-a7c3-e6de4068e37a.tmp.jpg
Deleted file - C:\Users\casey\AppData\Local\Temp\4661bf30-a2f6-4e92-a117-8f763c1a198d.tmp.node
Deleted file - C:\Users\casey\AppData\Local\Temp\47136bb9-72e6-461d-8b6e-ff5354a6769e.tmp.node
Deleted file - C:\Users\casey\AppData\Local\Temp\47ae6876-23aa-4272-b053-a0953ea1334d.tmp.node
Deleted file - C:\Users\casey\AppData\Local\Temp\485fedc4-8f1e-4a7f-a1e1-7798dbcc2bd7.tmp.node
Deleted file - C:\Users\casey\AppData\Local\Temp\4947b5a2-cfd4-4156-ab61-961ab55bacff.tmp.ico
C:\Users\casey\AppData\Local\Temp\49699904-05a8-4ed1-bb71-37d7676388fb.tmp
The process cannot access the file because it is being used by another process.
Deleted file - C:\Users\casey\AppData\Local\Temp\49be4c3d-249d-46f1-a5bf-1d27cb96d334.tmp.ico
Deleted file - C:\Users\casey\AppData\Local\Temp\4aa02b94-0c85-4aab-beb3-d5594cd33f02.tmp.node
Deleted file - C:\Users\casey\AppData\Local\Temp\4adf053c-ffa1-414c-ba25-891bebcdac64.tmp.ico
C:\Users\casey\AppData\Local\Temp\4c25742d-4951-49c3-98d1-eada5aa3fa69.tmp
The process cannot access the file because it is being used by another process.
Deleted file - C:\Users\casey\AppData\Local\Temp\4c7b39cb-f077-42ce-bc83-6a0b414cf1c4.tmp.node
C:\Users\casey\AppData\Local\Temp\4f4af811-671f-45a9-92a0-71a602aea536.tmp
The process cannot access the file because it is being used by another process.
C:\Users\casey\AppData\Local\Temp\50373b9b-6edc-4c18-a78c-9ffc929d6d1f.tmp
The process cannot access the file because it is being used by another process.
C:\Users\casey\AppData\Local\Temp\51ddf3a6-93be-4e18-87e9-202a8de663fd.tmp
The process cannot access the file because it is being used by another process.
Deleted file - C:\Users\casey\AppData\Local\Temp\55DE09E3.exe
C:\Users\casey\AppData\Local\Temp\5a3cdb89-02e9-42e2-8006-8abe2d4e12fc.tmp
The process cannot access the file because it is being used by another process.
C:\Users\casey\AppData\Local\Temp\5fbe13a6-7218-46b8-a67f-454454c3bb45.tmp
The process cannot access the file because it is being used by another process.
Deleted file - C:\Users\casey\AppData\Local\Temp\5fd33a25-f261-4a28-813f-1d66c72ca67a.tmp.node
Deleted file - C:\Users\casey\AppData\Local\Temp\6270ad3a-263a-474a-8fb7-52d3d90ce736.tmp.ico
C:\Users\casey\AppData\Local\Temp\639a3cda-6524-40a0-8751-910f304653d9.tmp
The process cannot access the file because it is being used by another process.
Deleted file - C:\Users\casey\AppData\Local\Temp\63e390e0-41a9-49f0-ab58-e89c693bb5f3.tmp.node
C:\Users\casey\AppData\Local\Temp\63f1ad96-ace5-4b1b-8072-ff3db3db52be.tmp
The process cannot access the file because it is being used by another process.
Deleted file - C:\Users\casey\AppData\Local\Temp\652b63d6-dade-4cbd-a62a-91e5dfce1f2f.tmp.node
Deleted file - C:\Users\casey\AppData\Local\Temp\65454364-5c35-4df9-b6b2-62221b57b49e.tmp.ico
C:\Users\casey\AppData\Local\Temp\65e90884-2dc4-4d17-af35-3354df4b3a47.tmp
The process cannot access the file because it is being used by another process.
Deleted file - C:\Users\casey\AppData\Local\Temp\68805efe-8022-49a1-854e-42ec81482c67.tmp.jpg
C:\Users\casey\AppData\Local\Temp\698c6e59-e293-44eb-a2b6-76742abd99e6.tmp
The process cannot access the file because it is being used by another process.
C:\Users\casey\AppData\Local\Temp\6c0b9396-e129-4522-8854-8186416cee96.tmp.node
Access is denied.
Deleted file - C:\Users\casey\AppData\Local\Temp\6d2c70a8-e4da-4f64-8913-2405a390c789.tmp.node
Deleted file - C:\Users\casey\AppData\Local\Temp\6e2811e9-5f23-48b3-a2dc-7b74739ecf11.tmp.node
Deleted file - C:\Users\casey\AppData\Local\Temp\6f882a40-b7c0-4847-aec9-2680ded2ad66.tmp.jpg
Deleted file - C:\Users\casey\AppData\Local\Temp\7110e4aa-3951-4b1a-b28b-c3ad6a1647dc.tmp.node
Deleted file - C:\Users\casey\AppData\Local\Temp\71c18003-cb45-45ef-8b3e-9fa6f81b970b.tmp.jpg
Deleted file - C:\Users\casey\AppData\Local\Temp\72f6b74e-8545-43b7-8a03-c5037af9d542.tmp.jpg
Deleted file - C:\Users\casey\AppData\Local\Temp\7329e394-c7ab-4000-8e2b-606c769b0921.tmp.node
Deleted file - C:\Users\casey\AppData\Local\Temp\74542d9a-10f3-4b2e-acb5-af2eb75aae2f.tmp.node
Deleted file - C:\Users\casey\AppData\Local\Temp\74f77910-af72-47bb-b1ee-6d291c67f1b3.tmp.jpg
Deleted file - C:\Users\casey\AppData\Local\Temp\75407a37-b6b8-4d19-9ae4-2fb27e2d5019.tmp.node
Deleted file - C:\Users\casey\AppData\Local\Temp\758a46ac-6d82-4474-8855-3853924d34da.tmp.jpg
Deleted file - C:\Users\casey\AppData\Local\Temp\7678d79f-fbff-4df7-acdb-73e33654b402.tmp.ico
C:\Users\casey\AppData\Local\Temp\7bc7249b-d1b3-4866-8021-af7307e1a8a6.tmp.node
Access is denied.
Deleted file - C:\Users\casey\AppData\Local\Temp\7cd8c522-22c0-45a8-83d3-9e5256e8e8ed.tmp.jpg
Deleted file - C:\Users\casey\AppData\Local\Temp\7dbe58fd-6b95-4b0b-b39c-ff86b6bdd624.tmp.node
C:\Users\casey\AppData\Local\Temp\7de195c0-26ec-40cf-bb9d-1688f3a561cc.tmp
The process cannot access the file because it is being used by another process.
Deleted file - C:\Users\casey\AppData\Local\Temp\7f26fb8d-084b-45f0-8df2-8e7348003d67.tmp.node
Deleted file - C:\Users\casey\AppData\Local\Temp\7f4cbfb0-5650-4f57-a5a1-98d5086c2d76.tmp.ico
Deleted file - C:\Users\casey\AppData\Local\Temp\811c0c53-cc11-4caa-88eb-bc5fb952da7f.tmp.ico
Deleted file - C:\Users\casey\AppData\Local\Temp\83956ef5-f384-4f88-b586-6825c88a50d5.tmp.node
C:\Users\casey\AppData\Local\Temp\8407a02f-6955-4182-b5bd-ce9b8d7a3f95.tmp
The process cannot access the file because it is being used by another process.
Deleted file - C:\Users\casey\AppData\Local\Temp\87c17bc2-2104-4e67-8346-bbd330b164ff.tmp.node
Deleted file - C:\Users\casey\AppData\Local\Temp\88f393bc-ac1c-4575-8db8-bfe2342f5b8c.tmp.ico
Deleted file - C:\Users\casey\AppData\Local\Temp\89a166d0-7338-4197-96ad-c3a9556e6be6.tmp.node
Deleted file - C:\Users\casey\AppData\Local\Temp\8aa88111-7d25-4bb6-a11d-604c794e6132.tmp.jpg
Deleted file - C:\Users\casey\AppData\Local\Temp\8af5638d-cb7d-4dfd-9167-f3ed53529bd0.tmp.node
C:\Users\casey\AppData\Local\Temp\8d8d02f3-c69f-47a4-bae4-a80520d5e7a4.tmp
The process cannot access the file because it is being used by another process.
Deleted file - C:\Users\casey\AppData\Local\Temp\8ee6216b-93fc-4942-b402-670dbe00c64c.tmp.ico
Deleted file - C:\Users\casey\AppData\Local\Temp\913a4456-09bc-4fb6-91bc-15d5dd0063ec.tmp.ico
Deleted file - C:\Users\casey\AppData\Local\Temp\92145cba-992d-4b26-b496-b70845eb2308.tmp.ico
Deleted file - C:\Users\casey\AppData\Local\Temp\92441833-aac2-4802-9571-f579a7fd1312.tmp.ico
C:\Users\casey\AppData\Local\Temp\927058d0-cec3-473a-9ce1-bcda8d5a37ee.tmp.node
Access is denied.
Deleted file - C:\Users\casey\AppData\Local\Temp\972fb6ee-a768-4038-ace1-f3d9155fa88f.tmp.node
Deleted file - C:\Users\casey\AppData\Local\Temp\9a581a44-369f-4d70-8e54-5ed2c0bece53.tmp.node
C:\Users\casey\AppData\Local\Temp\9ae773c5-19e2-4fa5-9a9e-f5c6e814bef8.tmp
The process cannot access the file because it is being used by another process.
C:\Users\casey\AppData\Local\Temp\9b1c3a09-c8d1-4c54-9310-f0c14f8933a7.tmp
The process cannot access the file because it is being used by another process.
Deleted file - C:\Users\casey\AppData\Local\Temp\9ba8bfec-1c51-45a8-9b59-33fd629a2f92.tmp.ico
Deleted file - C:\Users\casey\AppData\Local\Temp\9cddc055-8d25-4304-b588-32707f53fdbc.tmp.jpg
Deleted file - C:\Users\casey\AppData\Local\Temp\9e04cd79-06f4-4286-991c-e2557c2046f2.tmp.jpg
Deleted file - C:\Users\casey\AppData\Local\Temp\9e22487d-ff5f-4c85-ab82-70d1b7207763.tmp.node
Deleted file - C:\Users\casey\AppData\Local\Temp\a0631011-7e49-4bb7-ba21-772ce7c0f4b1.tmp
C:\Users\casey\AppData\Local\Temp\a1f715e0-d983-4ec8-89f5-39301e16edae.tmp.node
Access is denied.
C:\Users\casey\AppData\Local\Temp\a25b03b1-510b-41bb-9d4c-3b52cc14d3cb.tmp
The process cannot access the file because it is being used by another process.
Deleted file - C:\Users\casey\AppData\Local\Temp\a33a9af1-1983-4955-8af6-03eb27db5e08.tmp.node
Deleted file - C:\Users\casey\AppData\Local\Temp\a3ba1515-3273-4a45-bd7d-b3382f2ab0f8.tmp.node
C:\Users\casey\AppData\Local\Temp\a42af68b-e46b-4ded-9de2-97187a9b467c.tmp
The process cannot access the file because it is being used by another process.
Deleted file - C:\Users\casey\AppData\Local\Temp\a61ac370-bfca-4cad-9aa9-e25a41940ef8.tmp.node
Deleted file - C:\Users\casey\AppData\Local\Temp\a730e4ae-3e62-47ca-a0fd-5927a1614ba4.tmp.node
Deleted file - C:\Users\casey\AppData\Local\Temp\a796965c-e3e4-45aa-9368-1ee5bb946f76.tmp.jpg
C:\Users\casey\AppData\Local\Temp\a9c94c37-25ac-40c6-be44-da7d6a8623b1.tmp
The process cannot access the file because it is being used by another process.
Deleted file - C:\Users\casey\AppData\Local\Temp\ac1b1b1f-f2ef-4ec6-b971-5dd753bd8d34.tmp
Deleted file - C:\Users\casey\AppData\Local\Temp\ac643975-9d3d-4695-9ee9-3017a6f8f1e0.tmp.ico
Deleted file - C:\Users\casey\AppData\Local\Temp\ad290bc7-6c1c-4b39-9a94-30a0686e7d11.tmp.node
Deleted file - C:\Users\casey\AppData\Local\Temp\ad8d8888-cd90-4aa4-ab1d-a3ecb9fd8e8e.tmp.node
Deleted file - C:\Users\casey\AppData\Local\Temp\ae7afbe0-5b98-438f-84bd-482dcebd5539.tmp.ico
Deleted file - C:\Users\casey\AppData\Local\Temp\Aura.Cleanup.6.0.1.2113.2025-04-13.jlog
Deleted file - C:\Users\casey\AppData\Local\Temp\Aura.Cleanup.6.0.1.2113.2025-04-13.log
Deleted file - C:\Users\casey\AppData\Local\Temp\AuraApp.WebInstaller_5.11.0.2060_20250413083738.log
Deleted file - C:\Users\casey\AppData\Local\Temp\Aura_6.0.1_20250413083749.log
Deleted file - C:\Users\casey\AppData\Local\Temp\Aura_6.0.1_20250413083749_002_AuraAppPackageX64Id.log
Deleted file - C:\Users\casey\AppData\Local\Temp\b5dd2faf-5e20-4401-9670-4c49dc2c5c21.tmp.node
Deleted file - C:\Users\casey\AppData\Local\Temp\b688830a-c965-4c03-99ba-23fe64d3555c.tmp.node
C:\Users\casey\AppData\Local\Temp\b74d6eba-fb45-4acc-9646-f606efa3c6b5.tmp
The process cannot access the file because it is being used by another process.
Deleted file - C:\Users\casey\AppData\Local\Temp\b7b9a4f8-2607-4a65-9888-078844d8bf65.tmp.node
C:\Users\casey\AppData\Local\Temp\b7ce98d0-bcdf-40de-8e59-0c9213d4a536.tmp.node
Access is denied.
C:\Users\casey\AppData\Local\Temp\b8bff532-c7c3-458c-91b3-7f43dc16c982.tmp
The process cannot access the file because it is being used by another process.
C:\Users\casey\AppData\Local\Temp\b9818ab1-0305-4748-803a-239f7f9e84b6.tmp
The process cannot access the file because it is being used by another process.
Deleted file - C:\Users\casey\AppData\Local\Temp\ba8a53be-cdec-4013-a857-50198cd88b50.tmp.node
C:\Users\casey\AppData\Local\Temp\bab3972d-a84c-4129-a79e-747cdf0f97a0.tmp
The process cannot access the file because it is being used by another process.
Deleted file - C:\Users\casey\AppData\Local\Temp\bc96ef11-d0fb-4428-8fda-b9300a4285c0.tmp.node
Deleted file - C:\Users\casey\AppData\Local\Temp\c35fbb2c-94f0-43fe-ad18-97a77b80641d.tmp.node
Deleted file - C:\Users\casey\AppData\Local\Temp\c5926da7-b050-4cc1-9c64-8cb60ca68a4b.tmp.ico
Deleted file - C:\Users\casey\AppData\Local\Temp\c80dd975-56df-4401-a5f1-d9fd19be0a41.tmp.node
C:\Users\casey\AppData\Local\Temp\c91612cd-86a2-46bc-a256-68731f0b1105.tmp
The process cannot access the file because it is being used by another process.
Deleted file - C:\Users\casey\AppData\Local\Temp\casey.bmp
Deleted file - C:\Users\casey\AppData\Local\Temp\CdsInstall.log
Deleted file - C:\Users\casey\AppData\Local\Temp\ce60752b-482f-4f31-bcb7-e42b9536955b.tmp.node
Deleted file - C:\Users\casey\AppData\Local\Temp\cf276db0-841c-4900-bc55-e87b7370d190.tmp.ico
Deleted file - C:\Users\casey\AppData\Local\Temp\cv_debug.log
Deleted file - C:\Users\casey\AppData\Local\Temp\d0dfda3b-b42b-4ba2-813e-5400461c02e8.tmp.node
Deleted file - C:\Users\casey\AppData\Local\Temp\d48b2f00-e7ab-4678-928b-445e293edb1f.tmp.ico
C:\Users\casey\AppData\Local\Temp\d97e358c-77a0-4270-b5fe-3637d34c1bba.tmp
The process cannot access the file because it is being used by another process.
C:\Users\casey\AppData\Local\Temp\db0159d5-c58c-4534-9a18-1a4142324b3e.tmp
The process cannot access the file because it is being used by another process.
Deleted file - C:\Users\casey\AppData\Local\Temp\dc9d942c-aaca-473f-8edc-f38cbff6f617.tmp.node
C:\Users\casey\AppData\Local\Temp\dd89daaa-ca6f-47ce-8407-fd9b7f6fd927.tmp
The process cannot access the file because it is being used by another process.
Deleted file - C:\Users\casey\AppData\Local\Temp\dd_vcredist_amd64_20250413083811.log
Deleted file - C:\Users\casey\AppData\Local\Temp\dee6f9ad-d103-4764-8bb8-93a638fd99b6.tmp.ico
Deleted file - C:\Users\casey\AppData\Local\Temp\DELD5C2.tmp
Deleted file - C:\Users\casey\AppData\Local\Temp\DELD5C3.tmp
Deleted file - C:\Users\casey\AppData\Local\Temp\DELD5C4.tmp
Deleted file - C:\Users\casey\AppData\Local\Temp\DELD5C5.tmp
Deleted file - C:\Users\casey\AppData\Local\Temp\DELD5D6.tmp
Deleted file - C:\Users\casey\AppData\Local\Temp\DELD5D7.tmp
Deleted file - C:\Users\casey\AppData\Local\Temp\DELD5D8.tmp
Deleted file - C:\Users\casey\AppData\Local\Temp\DELD5E8.tmp
Deleted file - C:\Users\casey\AppData\Local\Temp\DELD5E9.tmp
Deleted file - C:\Users\casey\AppData\Local\Temp\DELD5EA.tmp
Deleted file - C:\Users\casey\AppData\Local\Temp\DELD5EB.tmp
Deleted file - C:\Users\casey\AppData\Local\Temp\DELD5FC.tmp
Deleted file - C:\Users\casey\AppData\Local\Temp\DELD5FD.tmp
Deleted file - C:\Users\casey\AppData\Local\Temp\DELD5FE.tmp
Deleted file - C:\Users\casey\AppData\Local\Temp\DELD60E.tmp
Deleted file - C:\Users\casey\AppData\Local\Temp\DELD60F.tmp
Deleted file - C:\Users\casey\AppData\Local\Temp\DELD610.tmp
Deleted file - C:\Users\casey\AppData\Local\Temp\DELD621.tmp
Deleted file - C:\Users\casey\AppData\Local\Temp\DELD622.tmp
Deleted file - C:\Users\casey\AppData\Local\Temp\DELD623.tmp
Deleted file - C:\Users\casey\AppData\Local\Temp\DELD624.tmp
Deleted file - C:\Users\casey\AppData\Local\Temp\DELD635.tmp
Deleted file - C:\Users\casey\AppData\Local\Temp\DELD636.tmp
Deleted file - C:\Users\casey\AppData\Local\Temp\DELD637.tmp
Deleted file - C:\Users\casey\AppData\Local\Temp\DELD638.tmp
Deleted file - C:\Users\casey\AppData\Local\Temp\DELD639.tmp
Deleted file - C:\Users\casey\AppData\Local\Temp\DELD649.tmp
Deleted file - C:\Users\casey\AppData\Local\Temp\DELD64A.tmp
Deleted file - C:\Users\casey\AppData\Local\Temp\DELD64B.tmp
Deleted file - C:\Users\casey\AppData\Local\Temp\DELD64C.tmp
Deleted file - C:\Users\casey\AppData\Local\Temp\DELD65D.tmp
Deleted file - C:\Users\casey\AppData\Local\Temp\DELD65E.tmp
Deleted file - C:\Users\casey\AppData\Local\Temp\disk_health.exe
Deleted file - C:\Users\casey\AppData\Local\Temp\e0b0ff30-01fa-458a-9249-71339d525c53.tmp.jpg
Deleted file - C:\Users\casey\AppData\Local\Temp\e14d3825-f888-472a-a41b-cd07047028e1.tmp.ico
Deleted file - C:\Users\casey\AppData\Local\Temp\e4a4bff0-d3a3-4f2b-94ed-20fafeebdd09.tmp.node
Deleted file - C:\Users\casey\AppData\Local\Temp\e4f93dc9-130f-418f-bf56-b4fe38416960.tmp.ico
C:\Users\casey\AppData\Local\Temp\e58d20c4-682a-4400-bda7-0feeb4bd796f.tmp
The process cannot access the file because it is being used by another process.
Deleted file - C:\Users\casey\AppData\Local\Temp\e6638cdd-ec29-4e62-b211-d4ecfa44e6ce.tmp.node
Deleted file - C:\Users\casey\AppData\Local\Temp\e7a0310f-aa9c-499f-9347-7905dfa64b3b.tmp.node
C:\Users\casey\AppData\Local\Temp\e98048ee-e530-4e71-8878-a959d47c261e.tmp
The process cannot access the file because it is being used by another process.
Deleted file - C:\Users\casey\AppData\Local\Temp\e99daf93-d7c6-40f6-8ad9-d1ab14f98a5f.tmp.jpg
C:\Users\casey\AppData\Local\Temp\eacfd1c7-728c-45df-a976-6216dda6723f.tmp
The process cannot access the file because it is being used by another process.
Deleted file - C:\Users\casey\AppData\Local\Temp\eafdb61e-2cea-4af0-8949-6c9d6f43d653.tmp.node
Deleted file - C:\Users\casey\AppData\Local\Temp\ed32d11a-9277-4624-8e20-0522c6ca9b6e.tmp.ico
C:\Users\casey\AppData\Local\Temp\ef0fd17d-d1c9-493f-a1f2-3730596b14cf.tmp.node
Access is denied.
Deleted file - C:\Users\casey\AppData\Local\Temp\exthost-101b99.cpuprofile
Deleted file - C:\Users\casey\AppData\Local\Temp\exthost-23feaa.cpuprofile
Deleted file - C:\Users\casey\AppData\Local\Temp\exthost-3e0663.cpuprofile
Deleted file - C:\Users\casey\AppData\Local\Temp\exthost-482976.cpuprofile
Deleted file - C:\Users\casey\AppData\Local\Temp\exthost-60b679.cpuprofile
Deleted file - C:\Users\casey\AppData\Local\Temp\exthost-683e51.cpuprofile
Deleted file - C:\Users\casey\AppData\Local\Temp\exthost-6aed2d.cpuprofile
Deleted file - C:\Users\casey\AppData\Local\Temp\exthost-7a29d7.cpuprofile
Deleted file - C:\Users\casey\AppData\Local\Temp\exthost-925796.cpuprofile
Deleted file - C:\Users\casey\AppData\Local\Temp\exthost-d2e67e.cpuprofile
Deleted file - C:\Users\casey\AppData\Local\Temp\exthost-de0342.cpuprofile
Deleted file - C:\Users\casey\AppData\Local\Temp\exthost-ed9a8b.cpuprofile
Deleted file - C:\Users\casey\AppData\Local\Temp\f11104df-6136-42fd-97ec-308fe1b05ac2.tmp.node
Deleted file - C:\Users\casey\AppData\Local\Temp\f17464ee-f135-4db8-b49f-1bda971a24f6.tmp.ico
Deleted file - C:\Users\casey\AppData\Local\Temp\f525c0fa-d355-4423-88fe-7a38e9cd009b.tmp.node
Deleted file - C:\Users\casey\AppData\Local\Temp\f82933fd-2c19-4c46-aee8-4819d05db06f.tmp.ico
Deleted file - C:\Users\casey\AppData\Local\Temp\f8d39db2-1350-49f2-bb3f-3a2f24908bdd.tmp.node
Deleted file - C:\Users\casey\AppData\Local\Temp\f96d1ea2-67ef-4d22-9612-60f33c04ce47.tmp.node
Deleted file - C:\Users\casey\AppData\Local\Temp\fd6989de-e6b0-4644-9f49-034f59656bf2.tmp.node
Deleted file - C:\Users\casey\AppData\Local\Temp\fda669ec-5648-4be8-bd7e-5c733d6016ff.tmp.jpg
Deleted file - C:\Users\casey\AppData\Local\Temp\fee8e907-1345-4821-aa3b-052fdb618cd1.tmp.ico
Deleted file - C:\Users\casey\AppData\Local\Temp\ff366831-ad09-42df-8e7b-a4af5d92c16b.tmp.node
Deleted file - C:\Users\casey\AppData\Local\Temp\ff8a416e-b0fa-4520-82a8-0537585992fd.tmp.jpg
Deleted file - C:\Users\casey\AppData\Local\Temp\FLT180C.tmp
Deleted file - C:\Users\casey\AppData\Local\Temp\FLT180D.tmp
Deleted file - C:\Users\casey\AppData\Local\Temp\FLT180E.tmp
Deleted file - C:\Users\casey\AppData\Local\Temp\FLT186C.tmp
Deleted file - C:\Users\casey\AppData\Local\Temp\FLT186D.tmp
Deleted file - C:\Users\casey\AppData\Local\Temp\FLT186E.tmp
Deleted file - C:\Users\casey\AppData\Local\Temp\FLT186F.tmp
Deleted file - C:\Users\casey\AppData\Local\Temp\FLT1870.tmp
Deleted file - C:\Users\casey\AppData\Local\Temp\FLT19BA.tmp
Deleted file - C:\Users\casey\AppData\Local\Temp\FLT19BB.tmp
Deleted file - C:\Users\casey\AppData\Local\Temp\FLT19BC.tmp
Deleted file - C:\Users\casey\AppData\Local\Temp\FLT19BD.tmp
Deleted file - C:\Users\casey\AppData\Local\Temp\FLT19BE.tmp
Deleted file - C:\Users\casey\AppData\Local\Temp\FLT1AF7.tmp
Deleted file - C:\Users\casey\AppData\Local\Temp\FLT1AF8.tmp
Deleted file - C:\Users\casey\AppData\Local\Temp\FLT1AF9.tmp
Deleted file - C:\Users\casey\AppData\Local\Temp\FLT1AFA.tmp
Deleted file - C:\Users\casey\AppData\Local\Temp\FLT1AFB.tmp
Deleted file - C:\Users\casey\AppData\Local\Temp\FLT1AFC.tmp
Deleted file - C:\Users\casey\AppData\Local\Temp\FLT1AFD.tmp
Deleted file - C:\Users\casey\AppData\Local\Temp\FLT1AFE.tmp
Deleted file - C:\Users\casey\AppData\Local\Temp\FLT1AFF.tmp
Deleted file - C:\Users\casey\AppData\Local\Temp\FLT1B00.tmp
Deleted file - C:\Users\casey\AppData\Local\Temp\FLT2DE.tmp
Deleted file - C:\Users\casey\AppData\Local\Temp\FLT2DF.tmp
Deleted file - C:\Users\casey\AppData\Local\Temp\FLT2E0.tmp
Deleted file - C:\Users\casey\AppData\Local\Temp\FLT2E1.tmp
Deleted file - C:\Users\casey\AppData\Local\Temp\FLT2E2.tmp
Deleted file - C:\Users\casey\AppData\Local\Temp\FLT2F3.tmp
Deleted file - C:\Users\casey\AppData\Local\Temp\FLT2F4.tmp
Deleted file - C:\Users\casey\AppData\Local\Temp\FLT2F5.tmp
Deleted file - C:\Users\casey\AppData\Local\Temp\FLT2F6.tmp
Deleted file - C:\Users\casey\AppData\Local\Temp\FLT2F7.tmp
Deleted file - C:\Users\casey\AppData\Local\Temp\FLT2F8.tmp
Deleted file - C:\Users\casey\AppData\Local\Temp\FLT2F9.tmp
Deleted file - C:\Users\casey\AppData\Local\Temp\FLT2FA.tmp
Deleted file - C:\Users\casey\AppData\Local\Temp\FLT2FB.tmp
Deleted file - C:\Users\casey\AppData\Local\Temp\FLT2FC.tmp
Deleted file - C:\Users\casey\AppData\Local\Temp\FLT30D.tmp
Deleted file - C:\Users\casey\AppData\Local\Temp\FLT30E.tmp
Deleted file - C:\Users\casey\AppData\Local\Temp\FLT30F.tmp
Deleted file - C:\Users\casey\AppData\Local\Temp\FLT310.tmp
Deleted file - C:\Users\casey\AppData\Local\Temp\FLT311.tmp
Deleted file - C:\Users\casey\AppData\Local\Temp\FLT312.tmp
Deleted file - C:\Users\casey\AppData\Local\Temp\FLT313.tmp
Deleted file - C:\Users\casey\AppData\Local\Temp\FLT314.tmp
Deleted file - C:\Users\casey\AppData\Local\Temp\FLT315.tmp
Deleted file - C:\Users\casey\AppData\Local\Temp\FLT316.tmp
Deleted file - C:\Users\casey\AppData\Local\Temp\FLT394.tmp
Deleted file - C:\Users\casey\AppData\Local\Temp\FLT395.tmp
Deleted file - C:\Users\casey\AppData\Local\Temp\FLT396.tmp
Deleted file - C:\Users\casey\AppData\Local\Temp\FLT397.tmp
Deleted file - C:\Users\casey\AppData\Local\Temp\FLT398.tmp
Deleted file - C:\Users\casey\AppData\Local\Temp\FLT399.tmp
Deleted file - C:\Users\casey\AppData\Local\Temp\FLT39A.tmp
Deleted file - C:\Users\casey\AppData\Local\Temp\FLT3AA.tmp
Deleted file - C:\Users\casey\AppData\Local\Temp\FLT3AB.tmp
Deleted file - C:\Users\casey\AppData\Local\Temp\FLT3AC.tmp
Deleted file - C:\Users\casey\AppData\Local\Temp\FLT3AD.tmp
Deleted file - C:\Users\casey\AppData\Local\Temp\FLT3AE.tmp
Deleted file - C:\Users\casey\AppData\Local\Temp\FLT3AF.tmp
Deleted file - C:\Users\casey\AppData\Local\Temp\FLT3B0.tmp
Deleted file - C:\Users\casey\AppData\Local\Temp\FLT3B1.tmp
Deleted file - C:\Users\casey\AppData\Local\Temp\FLT3B2.tmp
Deleted file - C:\Users\casey\AppData\Local\Temp\FLT3B3.tmp
Deleted file - C:\Users\casey\AppData\Local\Temp\FLT3B4.tmp
Deleted file - C:\Users\casey\AppData\Local\Temp\FLT3B5.tmp
Deleted file - C:\Users\casey\AppData\Local\Temp\FLT3C6.tmp
Deleted file - C:\Users\casey\AppData\Local\Temp\FLT3C7.tmp
Deleted file - C:\Users\casey\AppData\Local\Temp\FLT3C8.tmp
Deleted file - C:\Users\casey\AppData\Local\Temp\FLT3C9.tmp
Deleted file - C:\Users\casey\AppData\Local\Temp\FLT3CA.tmp
Deleted file - C:\Users\casey\AppData\Local\Temp\FLT3CB.tmp
Deleted file - C:\Users\casey\AppData\Local\Temp\FLT449.tmp
Deleted file - C:\Users\casey\AppData\Local\Temp\FLT44A.tmp
Deleted file - C:\Users\casey\AppData\Local\Temp\FLT44B.tmp
Deleted file - C:\Users\casey\AppData\Local\Temp\FLT44C.tmp
Deleted file - C:\Users\casey\AppData\Local\Temp\FLT44D.tmp
Deleted file - C:\Users\casey\AppData\Local\Temp\FLT44E.tmp
Deleted file - C:\Users\casey\AppData\Local\Temp\FLT44F.tmp
Deleted file - C:\Users\casey\AppData\Local\Temp\FLT450.tmp
Deleted file - C:\Users\casey\AppData\Local\Temp\FLT451.tmp
Deleted file - C:\Users\casey\AppData\Local\Temp\FLT452.tmp
Deleted file - C:\Users\casey\AppData\Local\Temp\FLT656.tmp
Deleted file - C:\Users\casey\AppData\Local\Temp\FLT657.tmp
Deleted file - C:\Users\casey\AppData\Local\Temp\FLTE94A.tmp
Deleted file - C:\Users\casey\AppData\Local\Temp\FLTE94B.tmp
Deleted file - C:\Users\casey\AppData\Local\Temp\FLTE94C.tmp
Deleted file - C:\Users\casey\AppData\Local\Temp\FLTE94D.tmp
Deleted file - C:\Users\casey\AppData\Local\Temp\FLTE94E.tmp
Deleted file - C:\Users\casey\AppData\Local\Temp\FLTE94F.tmp
Deleted file - C:\Users\casey\AppData\Local\Temp\FLTE950.tmp
Deleted file - C:\Users\casey\AppData\Local\Temp\FLTE951.tmp
Deleted file - C:\Users\casey\AppData\Local\Temp\FLTE952.tmp
Deleted file - C:\Users\casey\AppData\Local\Temp\FLTE953.tmp
Deleted file - C:\Users\casey\AppData\Local\Temp\FLTE954.tmp
Deleted file - C:\Users\casey\AppData\Local\Temp\FLTE955.tmp
Deleted file - C:\Users\casey\AppData\Local\Temp\FLTE956.tmp
Deleted file - C:\Users\casey\AppData\Local\Temp\FLTE957.tmp
Deleted file - C:\Users\casey\AppData\Local\Temp\FLTE958.tmp
Deleted file - C:\Users\casey\AppData\Local\Temp\FLTE978.tmp
Deleted file - C:\Users\casey\AppData\Local\Temp\FLTE979.tmp
Deleted file - C:\Users\casey\AppData\Local\Temp\FLTE97A.tmp
Deleted file - C:\Users\casey\AppData\Local\Temp\FLTE97B.tmp
Deleted file - C:\Users\casey\AppData\Local\Temp\FLTE97C.tmp
Deleted file - C:\Users\casey\AppData\Local\Temp\FLTE98D.tmp
Deleted file - C:\Users\casey\AppData\Local\Temp\FLTE98E.tmp
Deleted file - C:\Users\casey\AppData\Local\Temp\FLTE98F.tmp
Deleted file - C:\Users\casey\AppData\Local\Temp\FLTE990.tmp
Deleted file - C:\Users\casey\AppData\Local\Temp\FLTE991.tmp
Deleted file - C:\Users\casey\AppData\Local\Temp\FLTE992.tmp
Deleted file - C:\Users\casey\AppData\Local\Temp\FLTE993.tmp
Deleted file - C:\Users\casey\AppData\Local\Temp\FLTE994.tmp
Deleted file - C:\Users\casey\AppData\Local\Temp\FLTE995.tmp
Deleted file - C:\Users\casey\AppData\Local\Temp\FLTE996.tmp
Deleted file - C:\Users\casey\AppData\Local\Temp\FLTE9A7.tmp
Deleted file - C:\Users\casey\AppData\Local\Temp\FLTE9A8.tmp
Deleted file - C:\Users\casey\AppData\Local\Temp\FLTE9A9.tmp
Deleted file - C:\Users\casey\AppData\Local\Temp\FLTE9AA.tmp
Deleted file - C:\Users\casey\AppData\Local\Temp\FLTE9AB.tmp
Deleted file - C:\Users\casey\AppData\Local\Temp\FLTE9AC.tmp
Deleted file - C:\Users\casey\AppData\Local\Temp\FLTE9AD.tmp
Deleted file - C:\Users\casey\AppData\Local\Temp\FLTE9AE.tmp
Deleted file - C:\Users\casey\AppData\Local\Temp\FLTE9AF.tmp
Deleted file - C:\Users\casey\AppData\Local\Temp\FLTE9B0.tmp
Deleted file - C:\Users\casey\AppData\Local\Temp\FLTE9C0.tmp
Deleted file - C:\Users\casey\AppData\Local\Temp\FLTE9C1.tmp
Deleted file - C:\Users\casey\AppData\Local\Temp\FLTE9C2.tmp
Deleted file - C:\Users\casey\AppData\Local\Temp\FLTE9C3.tmp
Deleted file - C:\Users\casey\AppData\Local\Temp\FLTE9C4.tmp
Deleted file - C:\Users\casey\AppData\Local\Temp\FLTE9D5.tmp
Deleted file - C:\Users\casey\AppData\Local\Temp\FLTE9D6.tmp
Deleted file - C:\Users\casey\AppData\Local\Temp\FLTE9D7.tmp
Deleted file - C:\Users\casey\AppData\Local\Temp\FLTE9D8.tmp
Deleted file - C:\Users\casey\AppData\Local\Temp\FLTE9D9.tmp
Deleted file - C:\Users\casey\AppData\Local\Temp\FLTE9DA.tmp
Deleted file - C:\Users\casey\AppData\Local\Temp\FLTE9DB.tmp
Deleted file - C:\Users\casey\AppData\Local\Temp\FLTE9DC.tmp
Deleted file - C:\Users\casey\AppData\Local\Temp\FLTE9DD.tmp
Deleted file - C:\Users\casey\AppData\Local\Temp\FLTE9DE.tmp
Deleted file - C:\Users\casey\AppData\Local\Temp\FLTE9EF.tmp
Deleted file - C:\Users\casey\AppData\Local\Temp\FLTE9F0.tmp
Deleted file - C:\Users\casey\AppData\Local\Temp\FLTE9F1.tmp
Deleted file - C:\Users\casey\AppData\Local\Temp\FLTE9F2.tmp
Deleted file - C:\Users\casey\AppData\Local\Temp\FLTE9F3.tmp
Deleted file - C:\Users\casey\AppData\Local\Temp\FLTEA03.tmp
Deleted file - C:\Users\casey\AppData\Local\Temp\FLTEA04.tmp
Deleted file - C:\Users\casey\AppData\Local\Temp\FLTEA05.tmp
Deleted file - C:\Users\casey\AppData\Local\Temp\FLTEA06.tmp
Deleted file - C:\Users\casey\AppData\Local\Temp\FLTEA07.tmp
Deleted file - C:\Users\casey\AppData\Local\Temp\FLTEA08.tmp
Deleted file - C:\Users\casey\AppData\Local\Temp\FLTEA09.tmp
Deleted file - C:\Users\casey\AppData\Local\Temp\FLTEA0A.tmp
Deleted file - C:\Users\casey\AppData\Local\Temp\FLTEA0B.tmp
Deleted file - C:\Users\casey\AppData\Local\Temp\FLTEA0C.tmp
Deleted file - C:\Users\casey\AppData\Local\Temp\FLTEA1D.tmp
Deleted file - C:\Users\casey\AppData\Local\Temp\FLTEA1E.tmp
Deleted file - C:\Users\casey\AppData\Local\Temp\FLTEA1F.tmp
Deleted file - C:\Users\casey\AppData\Local\Temp\FLTEA20.tmp
Deleted file - C:\Users\casey\AppData\Local\Temp\FLTEA21.tmp
Deleted file - C:\Users\casey\AppData\Local\Temp\FLTEA22.tmp
Deleted file - C:\Users\casey\AppData\Local\Temp\FLTEA23.tmp
Deleted file - C:\Users\casey\AppData\Local\Temp\FLTEA24.tmp
Deleted file - C:\Users\casey\AppData\Local\Temp\FLTEA25.tmp
Deleted file - C:\Users\casey\AppData\Local\Temp\FLTEA26.tmp
Deleted file - C:\Users\casey\AppData\Local\Temp\FLTEA27.tmp
Deleted file - C:\Users\casey\AppData\Local\Temp\FLTEA28.tmp
Deleted file - C:\Users\casey\AppData\Local\Temp\FLTEA29.tmp
Deleted file - C:\Users\casey\AppData\Local\Temp\FLTEA2A.tmp
Deleted file - C:\Users\casey\AppData\Local\Temp\FLTEA3A.tmp
Deleted file - C:\Users\casey\AppData\Local\Temp\FLTEA3B.tmp
Deleted file - C:\Users\casey\AppData\Local\Temp\FLTEA3C.tmp
Deleted file - C:\Users\casey\AppData\Local\Temp\FLTEA3D.tmp
Deleted file - C:\Users\casey\AppData\Local\Temp\FLTEA3E.tmp
Deleted file - C:\Users\casey\AppData\Local\Temp\FLTEA3F.tmp
Deleted file - C:\Users\casey\AppData\Local\Temp\FLTEA50.tmp
Deleted file - C:\Users\casey\AppData\Local\Temp\FLTEA51.tmp
Deleted file - C:\Users\casey\AppData\Local\Temp\FLTEA52.tmp
Deleted file - C:\Users\casey\AppData\Local\Temp\FLTEA53.tmp
Deleted file - C:\Users\casey\AppData\Local\Temp\FLTEA54.tmp
Deleted file - C:\Users\casey\AppData\Local\Temp\FLTEA55.tmp
Deleted file - C:\Users\casey\AppData\Local\Temp\FLTEA56.tmp
Deleted file - C:\Users\casey\AppData\Local\Temp\FLTEA57.tmp
Deleted file - C:\Users\casey\AppData\Local\Temp\FLTEA58.tmp
Deleted file - C:\Users\casey\AppData\Local\Temp\FLTEA59.tmp
Deleted file - C:\Users\casey\AppData\Local\Temp\FLTEA5A.tmp
Deleted file - C:\Users\casey\AppData\Local\Temp\FLTEA5B.tmp
Deleted file - C:\Users\casey\AppData\Local\Temp\FLTEA5C.tmp
Deleted file - C:\Users\casey\AppData\Local\Temp\FLTEA5D.tmp
Deleted file - C:\Users\casey\AppData\Local\Temp\FLTEA5E.tmp
Deleted file - C:\Users\casey\AppData\Local\Temp\FLTEA6F.tmp
Deleted file - C:\Users\casey\AppData\Local\Temp\FLTEA70.tmp
Deleted file - C:\Users\casey\AppData\Local\Temp\FLTEA71.tmp
Deleted file - C:\Users\casey\AppData\Local\Temp\FLTEA72.tmp
Deleted file - C:\Users\casey\AppData\Local\Temp\FLTEA73.tmp
Deleted file - C:\Users\casey\AppData\Local\Temp\FLTEA74.tmp
Deleted file - C:\Users\casey\AppData\Local\Temp\FLTEA75.tmp
Deleted file - C:\Users\casey\AppData\Local\Temp\FLTEA76.tmp
Deleted file - C:\Users\casey\AppData\Local\Temp\FLTEA77.tmp
Deleted file - C:\Users\casey\AppData\Local\Temp\FLTEA78.tmp
Deleted file - C:\Users\casey\AppData\Local\Temp\FLTEA88.tmp
Deleted file - C:\Users\casey\AppData\Local\Temp\FLTEA89.tmp
Deleted file - C:\Users\casey\AppData\Local\Temp\FLTEA8A.tmp
Deleted file - C:\Users\casey\AppData\Local\Temp\FLTEA8B.tmp
Deleted file - C:\Users\casey\AppData\Local\Temp\FLTEA8C.tmp
Deleted file - C:\Users\casey\AppData\Local\Temp\FLTEA9D.tmp
Deleted file - C:\Users\casey\AppData\Local\Temp\FLTEA9E.tmp
Deleted file - C:\Users\casey\AppData\Local\Temp\FLTEA9F.tmp
Deleted file - C:\Users\casey\AppData\Local\Temp\FLTEAA0.tmp
Deleted file - C:\Users\casey\AppData\Local\Temp\FLTEAA1.tmp
Deleted file - C:\Users\casey\AppData\Local\Temp\FLTEAB2.tmp
Deleted file - C:\Users\casey\AppData\Local\Temp\FLTEAB3.tmp
Deleted file - C:\Users\casey\AppData\Local\Temp\FLTEAB4.tmp
Deleted file - C:\Users\casey\AppData\Local\Temp\FLTEAB5.tmp
Deleted file - C:\Users\casey\AppData\Local\Temp\FLTEAB6.tmp
Deleted file - C:\Users\casey\AppData\Local\Temp\FLTEAB7.tmp
Deleted file - C:\Users\casey\AppData\Local\Temp\FLTEAB8.tmp
Deleted file - C:\Users\casey\AppData\Local\Temp\FLTEAB9.tmp
Deleted file - C:\Users\casey\AppData\Local\Temp\FLTEABA.tmp
Deleted file - C:\Users\casey\AppData\Local\Temp\FLTEABB.tmp
Deleted file - C:\Users\casey\AppData\Local\Temp\FLTEACB.tmp
Deleted file - C:\Users\casey\AppData\Local\Temp\FLTEACC.tmp
Deleted file - C:\Users\casey\AppData\Local\Temp\FLTEACD.tmp
Deleted file - C:\Users\casey\AppData\Local\Temp\FLTEACE.tmp
Deleted file - C:\Users\casey\AppData\Local\Temp\FLTEACF.tmp
Deleted file - C:\Users\casey\AppData\Local\Temp\FLTEAD0.tmp
Deleted file - C:\Users\casey\AppData\Local\Temp\FLTEAD1.tmp
Deleted file - C:\Users\casey\AppData\Local\Temp\FLTEAD2.tmp
Deleted file - C:\Users\casey\AppData\Local\Temp\FLTEAD3.tmp
Deleted file - C:\Users\casey\AppData\Local\Temp\FLTEAD4.tmp
Deleted file - C:\Users\casey\AppData\Local\Temp\FLTEAE5.tmp
Deleted file - C:\Users\casey\AppData\Local\Temp\FLTEAE6.tmp
Deleted file - C:\Users\casey\AppData\Local\Temp\FLTEAE7.tmp
Deleted file - C:\Users\casey\AppData\Local\Temp\FLTEAE8.tmp
Deleted file - C:\Users\casey\AppData\Local\Temp\FLTEAE9.tmp
Deleted file - C:\Users\casey\AppData\Local\Temp\FLTEAF9.tmp
Deleted file - C:\Users\casey\AppData\Local\Temp\FLTEAFA.tmp
Deleted file - C:\Users\casey\AppData\Local\Temp\FLTEAFB.tmp
Deleted file - C:\Users\casey\AppData\Local\Temp\FLTEAFC.tmp
Deleted file - C:\Users\casey\AppData\Local\Temp\FLTEAFD.tmp
Deleted file - C:\Users\casey\AppData\Local\Temp\FLTEAFE.tmp
Deleted file - C:\Users\casey\AppData\Local\Temp\FLTEAFF.tmp
Deleted file - C:\Users\casey\AppData\Local\Temp\FLTEB00.tmp
Deleted file - C:\Users\casey\AppData\Local\Temp\FLTEB01.tmp
Deleted file - C:\Users\casey\AppData\Local\Temp\FLTEB02.tmp
Deleted file - C:\Users\casey\AppData\Local\Temp\FLTEB13.tmp
Deleted file - C:\Users\casey\AppData\Local\Temp\FLTEB14.tmp
Deleted file - C:\Users\casey\AppData\Local\Temp\FLTEB15.tmp
Deleted file - C:\Users\casey\AppData\Local\Temp\FLTEB16.tmp
Deleted file - C:\Users\casey\AppData\Local\Temp\FLTEB17.tmp
Deleted file - C:\Users\casey\AppData\Local\Temp\FLTEB18.tmp
Deleted file - C:\Users\casey\AppData\Local\Temp\FLTEB19.tmp
Deleted file - C:\Users\casey\AppData\Local\Temp\FLTEB1A.tmp
Deleted file - C:\Users\casey\AppData\Local\Temp\FLTEB1B.tmp
Deleted file - C:\Users\casey\AppData\Local\Temp\FLTEB2C.tmp
Deleted file - C:\Users\casey\AppData\Local\Temp\FLTEB2D.tmp
Deleted file - C:\Users\casey\AppData\Local\Temp\FLTEB2E.tmp
Deleted file - C:\Users\casey\AppData\Local\Temp\FLTEB2F.tmp
Deleted file - C:\Users\casey\AppData\Local\Temp\FLTEB30.tmp
Deleted file - C:\Users\casey\AppData\Local\Temp\FLTEB31.tmp
Deleted file - C:\Users\casey\AppData\Local\Temp\FLTEB32.tmp
Deleted file - C:\Users\casey\AppData\Local\Temp\FLTEB33.tmp
Deleted file - C:\Users\casey\AppData\Local\Temp\FLTEB43.tmp
Deleted file - C:\Users\casey\AppData\Local\Temp\FLTEB44.tmp
Deleted file - C:\Users\casey\AppData\Local\Temp\FLTEB45.tmp
Deleted file - C:\Users\casey\AppData\Local\Temp\FLTEB46.tmp
Deleted file - C:\Users\casey\AppData\Local\Temp\FLTEB47.tmp
Deleted file - C:\Users\casey\AppData\Local\Temp\FLTEB48.tmp
Deleted file - C:\Users\casey\AppData\Local\Temp\FLTEB49.tmp
Deleted file - C:\Users\casey\AppData\Local\Temp\FLTEB4A.tmp
Deleted file - C:\Users\casey\AppData\Local\Temp\FLTEB4B.tmp
Deleted file - C:\Users\casey\AppData\Local\Temp\FLTEB4C.tmp
Deleted file - C:\Users\casey\AppData\Local\Temp\FLTEB4D.tmp
Deleted file - C:\Users\casey\AppData\Local\Temp\FLTEB4E.tmp
Deleted file - C:\Users\casey\AppData\Local\Temp\FLTEB4F.tmp
Deleted file - C:\Users\casey\AppData\Local\Temp\FLTEB60.tmp
Deleted file - C:\Users\casey\AppData\Local\Temp\FLTEB61.tmp
Deleted file - C:\Users\casey\AppData\Local\Temp\FLTEB62.tmp
Deleted file - C:\Users\casey\AppData\Local\Temp\FLTEB63.tmp
Deleted file - C:\Users\casey\AppData\Local\Temp\FLTEB64.tmp
Deleted file - C:\Users\casey\AppData\Local\Temp\FLTEB65.tmp
Deleted file - C:\Users\casey\AppData\Local\Temp\FLTEB66.tmp
Deleted file - C:\Users\casey\AppData\Local\Temp\FLTEB67.tmp
Deleted file - C:\Users\casey\AppData\Local\Temp\FLTEB68.tmp
Deleted file - C:\Users\casey\AppData\Local\Temp\FLTEB69.tmp
Deleted file - C:\Users\casey\AppData\Local\Temp\FLTEB7A.tmp
Deleted file - C:\Users\casey\AppData\Local\Temp\FLTEB7B.tmp
Deleted file - C:\Users\casey\AppData\Local\Temp\FLTEB7C.tmp
Deleted file - C:\Users\casey\AppData\Local\Temp\FLTEB7D.tmp
Deleted file - C:\Users\casey\AppData\Local\Temp\FLTEB7E.tmp
Deleted file - C:\Users\casey\AppData\Local\Temp\FLTEB8E.tmp
Deleted file - C:\Users\casey\AppData\Local\Temp\FLTEB8F.tmp
Deleted file - C:\Users\casey\AppData\Local\Temp\FLTEB90.tmp
Deleted file - C:\Users\casey\AppData\Local\Temp\FLTEB91.tmp
Deleted file - C:\Users\casey\AppData\Local\Temp\FLTEB92.tmp
Deleted file - C:\Users\casey\AppData\Local\Temp\FLTEBA3.tmp
Deleted file - C:\Users\casey\AppData\Local\Temp\FLTEBA4.tmp
Deleted file - C:\Users\casey\AppData\Local\Temp\FLTEBA5.tmp
Deleted file - C:\Users\casey\AppData\Local\Temp\FLTEBA6.tmp
Deleted file - C:\Users\casey\AppData\Local\Temp\FLTEBA7.tmp
Deleted file - C:\Users\casey\AppData\Local\Temp\FLTEBA8.tmp
Deleted file - C:\Users\casey\AppData\Local\Temp\FLTEBA9.tmp
Deleted file - C:\Users\casey\AppData\Local\Temp\FLTEBAA.tmp
Deleted file - C:\Users\casey\AppData\Local\Temp\FLTEBAB.tmp
Deleted file - C:\Users\casey\AppData\Local\Temp\FLTEBAC.tmp
Deleted file - C:\Users\casey\AppData\Local\Temp\FLTEBBC.tmp
Deleted file - C:\Users\casey\AppData\Local\Temp\FLTEBBD.tmp
Deleted file - C:\Users\casey\AppData\Local\Temp\FLTEBBE.tmp
Deleted file - C:\Users\casey\AppData\Local\Temp\FLTEBBF.tmp
Deleted file - C:\Users\casey\AppData\Local\Temp\FLTEBC0.tmp
Deleted file - C:\Users\casey\AppData\Local\Temp\FLTEBC1.tmp
Deleted file - C:\Users\casey\AppData\Local\Temp\FLTEBC2.tmp
Deleted file - C:\Users\casey\AppData\Local\Temp\FLTEBC3.tmp
Deleted file - C:\Users\casey\AppData\Local\Temp\FLTEBC4.tmp
Deleted file - C:\Users\casey\AppData\Local\Temp\FLTEBC5.tmp
Deleted file - C:\Users\casey\AppData\Local\Temp\FLTEBD6.tmp
Deleted file - C:\Users\casey\AppData\Local\Temp\FLTEBD7.tmp
Deleted file - C:\Users\casey\AppData\Local\Temp\FLTEBD8.tmp
Deleted file - C:\Users\casey\AppData\Local\Temp\FLTEBD9.tmp
Deleted file - C:\Users\casey\AppData\Local\Temp\FLTEBDA.tmp
Deleted file - C:\Users\casey\AppData\Local\Temp\FLTEBDB.tmp
Deleted file - C:\Users\casey\AppData\Local\Temp\FLTEBDC.tmp
Deleted file - C:\Users\casey\AppData\Local\Temp\FLTEBDD.tmp
Deleted file - C:\Users\casey\AppData\Local\Temp\FLTEBDE.tmp
Deleted file - C:\Users\casey\AppData\Local\Temp\FLTEBDF.tmp
Deleted file - C:\Users\casey\AppData\Local\Temp\FLTEBF0.tmp
Deleted file - C:\Users\casey\AppData\Local\Temp\FLTEBF1.tmp
Deleted file - C:\Users\casey\AppData\Local\Temp\FLTEBF2.tmp
Deleted file - C:\Users\casey\AppData\Local\Temp\FLTEBF3.tmp
Deleted file - C:\Users\casey\AppData\Local\Temp\FLTEBF4.tmp
Deleted file - C:\Users\casey\AppData\Local\Temp\FLTEC04.tmp
Deleted file - C:\Users\casey\AppData\Local\Temp\FLTEC05.tmp
Deleted file - C:\Users\casey\AppData\Local\Temp\FLTEC06.tmp
Deleted file - C:\Users\casey\AppData\Local\Temp\FLTEC07.tmp
Deleted file - C:\Users\casey\AppData\Local\Temp\FLTEC08.tmp
Deleted file - C:\Users\casey\AppData\Local\Temp\FLTEC09.tmp
Deleted file - C:\Users\casey\AppData\Local\Temp\FLTEC0A.tmp
Deleted file - C:\Users\casey\AppData\Local\Temp\FLTEC0B.tmp
Deleted file - C:\Users\casey\AppData\Local\Temp\FLTEC0C.tmp
Deleted file - C:\Users\casey\AppData\Local\Temp\FLTEC0D.tmp
Deleted file - C:\Users\casey\AppData\Local\Temp\FLTEC0E.tmp
Deleted file - C:\Users\casey\AppData\Local\Temp\FLTEC0F.tmp
Deleted file - C:\Users\casey\AppData\Local\Temp\FLTEC10.tmp
Deleted file - C:\Users\casey\AppData\Local\Temp\FLTEC11.tmp
Deleted file - C:\Users\casey\AppData\Local\Temp\FLTEC12.tmp
Deleted file - C:\Users\casey\AppData\Local\Temp\FLTEC13.tmp
Deleted file - C:\Users\casey\AppData\Local\Temp\FLTEC14.tmp
Deleted file - C:\Users\casey\AppData\Local\Temp\FLTEC15.tmp
Deleted file - C:\Users\casey\AppData\Local\Temp\FLTEC26.tmp
Deleted file - C:\Users\casey\AppData\Local\Temp\FLTEC27.tmp
Deleted file - C:\Users\casey\AppData\Local\Temp\FLTEC28.tmp
Deleted file - C:\Users\casey\AppData\Local\Temp\FLTEC29.tmp
Deleted file - C:\Users\casey\AppData\Local\Temp\FLTEC2A.tmp
Deleted file - C:\Users\casey\AppData\Local\Temp\FLTEC2B.tmp
Deleted file - C:\Users\casey\AppData\Local\Temp\FLTEC2C.tmp
Deleted file - C:\Users\casey\AppData\Local\Temp\FLTEC2D.tmp
Deleted file - C:\Users\casey\AppData\Local\Temp\FLTEC2E.tmp
Deleted file - C:\Users\casey\AppData\Local\Temp\FLTEC2F.tmp
Deleted file - C:\Users\casey\AppData\Local\Temp\FLTEC30.tmp
Deleted file - C:\Users\casey\AppData\Local\Temp\FLTEC31.tmp
Deleted file - C:\Users\casey\AppData\Local\Temp\FLTEC42.tmp
Deleted file - C:\Users\casey\AppData\Local\Temp\FLTEC43.tmp
Deleted file - C:\Users\casey\AppData\Local\Temp\FLTEC44.tmp
Deleted file - C:\Users\casey\AppData\Local\Temp\FLTEC45.tmp
Deleted file - C:\Users\casey\AppData\Local\Temp\FLTEC46.tmp
Deleted file - C:\Users\casey\AppData\Local\Temp\FLTEC47.tmp
Deleted file - C:\Users\casey\AppData\Local\Temp\FLTEC48.tmp
Deleted file - C:\Users\casey\AppData\Local\Temp\FLTEC49.tmp
Deleted file - C:\Users\casey\AppData\Local\Temp\FLTEC4A.tmp
Deleted file - C:\Users\casey\AppData\Local\Temp\FLTEC4B.tmp
Deleted file - C:\Users\casey\AppData\Local\Temp\FLTEC4C.tmp
Deleted file - C:\Users\casey\AppData\Local\Temp\FLTEC4D.tmp
Deleted file - C:\Users\casey\AppData\Local\Temp\FLTEC4E.tmp
Deleted file - C:\Users\casey\AppData\Local\Temp\FLTEC4F.tmp
Deleted file - C:\Users\casey\AppData\Local\Temp\FLTEC50.tmp
Deleted file - C:\Users\casey\AppData\Local\Temp\FLTEC60.tmp
Deleted file - C:\Users\casey\AppData\Local\Temp\FLTEC61.tmp
Deleted file - C:\Users\casey\AppData\Local\Temp\FLTEC62.tmp
Deleted file - C:\Users\casey\AppData\Local\Temp\FLTEC63.tmp
Deleted file - C:\Users\casey\AppData\Local\Temp\FLTEC64.tmp
Deleted file - C:\Users\casey\AppData\Local\Temp\FLTEC65.tmp
Deleted file - C:\Users\casey\AppData\Local\Temp\FLTEC66.tmp
Deleted file - C:\Users\casey\AppData\Local\Temp\FLTEC67.tmp
Deleted file - C:\Users\casey\AppData\Local\Temp\FLTEC68.tmp
Deleted file - C:\Users\casey\AppData\Local\Temp\FLTEC69.tmp
Deleted file - C:\Users\casey\AppData\Local\Temp\FLTEC6A.tmp
Deleted file - C:\Users\casey\AppData\Local\Temp\FLTEC6B.tmp
Deleted file - C:\Users\casey\AppData\Local\Temp\FLTEC6C.tmp
Deleted file - C:\Users\casey\AppData\Local\Temp\FLTEC6D.tmp
Deleted file - C:\Users\casey\AppData\Local\Temp\FLTEC6E.tmp
Deleted file - C:\Users\casey\AppData\Local\Temp\FLTEC7F.tmp
Deleted file - C:\Users\casey\AppData\Local\Temp\FLTEC80.tmp
Deleted file - C:\Users\casey\AppData\Local\Temp\FLTEC81.tmp
Deleted file - C:\Users\casey\AppData\Local\Temp\FLTEC82.tmp
Deleted file - C:\Users\casey\AppData\Local\Temp\FLTEC83.tmp
Deleted file - C:\Users\casey\AppData\Local\Temp\FLTEC84.tmp
Deleted file - C:\Users\casey\AppData\Local\Temp\FLTEC85.tmp
Deleted file - C:\Users\casey\AppData\Local\Temp\FLTEC86.tmp
Deleted file - C:\Users\casey\AppData\Local\Temp\FLTEC87.tmp
Deleted file - C:\Users\casey\AppData\Local\Temp\FLTEC88.tmp
Deleted file - C:\Users\casey\AppData\Local\Temp\FLTEC89.tmp
Deleted file - C:\Users\casey\AppData\Local\Temp\FLTEC8A.tmp
Deleted file - C:\Users\casey\AppData\Local\Temp\FLTEC8B.tmp
Deleted file - C:\Users\casey\AppData\Local\Temp\FLTEC8C.tmp
Deleted file - C:\Users\casey\AppData\Local\Temp\FLTEC8D.tmp
Deleted file - C:\Users\casey\AppData\Local\Temp\FLTEC8E.tmp
Deleted file - C:\Users\casey\AppData\Local\Temp\FLTEC8F.tmp
Deleted file - C:\Users\casey\AppData\Local\Temp\FLTEC9F.tmp
Deleted file - C:\Users\casey\AppData\Local\Temp\FLTECA0.tmp
Deleted file - C:\Users\casey\AppData\Local\Temp\FLTECA1.tmp
Deleted file - C:\Users\casey\AppData\Local\Temp\FLTECA2.tmp
Deleted file - C:\Users\casey\AppData\Local\Temp\FLTECA3.tmp
Deleted file - C:\Users\casey\AppData\Local\Temp\FLTECA4.tmp
Deleted file - C:\Users\casey\AppData\Local\Temp\FLTECA5.tmp
Deleted file - C:\Users\casey\AppData\Local\Temp\FLTECA6.tmp
Deleted file - C:\Users\casey\AppData\Local\Temp\FLTECA7.tmp
Deleted file - C:\Users\casey\AppData\Local\Temp\FLTECA8.tmp
Deleted file - C:\Users\casey\AppData\Local\Temp\FLTECA9.tmp
Deleted file - C:\Users\casey\AppData\Local\Temp\FLTECAA.tmp
Deleted file - C:\Users\casey\AppData\Local\Temp\FLTECAB.tmp
Deleted file - C:\Users\casey\AppData\Local\Temp\FLTECAC.tmp
Deleted file - C:\Users\casey\AppData\Local\Temp\FLTECAD.tmp
Deleted file - C:\Users\casey\AppData\Local\Temp\FLTECBE.tmp
Deleted file - C:\Users\casey\AppData\Local\Temp\FLTECBF.tmp
Deleted file - C:\Users\casey\AppData\Local\Temp\FLTECC0.tmp
Deleted file - C:\Users\casey\AppData\Local\Temp\FLTECC1.tmp
Deleted file - C:\Users\casey\AppData\Local\Temp\FLTECC2.tmp
Deleted file - C:\Users\casey\AppData\Local\Temp\FLTECC3.tmp
Deleted file - C:\Users\casey\AppData\Local\Temp\FLTECC4.tmp
Deleted file - C:\Users\casey\AppData\Local\Temp\FLTECC5.tmp
Deleted file - C:\Users\casey\AppData\Local\Temp\FLTECC6.tmp
Deleted file - C:\Users\casey\AppData\Local\Temp\FLTECC7.tmp
Deleted file - C:\Users\casey\AppData\Local\Temp\FLTECC8.tmp
Deleted file - C:\Users\casey\AppData\Local\Temp\FLTECC9.tmp
Deleted file - C:\Users\casey\AppData\Local\Temp\FLTECCA.tmp
Deleted file - C:\Users\casey\AppData\Local\Temp\FLTECCB.tmp
Deleted file - C:\Users\casey\AppData\Local\Temp\FLTECCC.tmp
Deleted file - C:\Users\casey\AppData\Local\Temp\FLTECCD.tmp
Deleted file - C:\Users\casey\AppData\Local\Temp\FLTECCE.tmp
Deleted file - C:\Users\casey\AppData\Local\Temp\FLTECCF.tmp
Deleted file - C:\Users\casey\AppData\Local\Temp\FLTECE0.tmp
Deleted file - C:\Users\casey\AppData\Local\Temp\FLTECE1.tmp
Deleted file - C:\Users\casey\AppData\Local\Temp\FLTECE2.tmp
Deleted file - C:\Users\casey\AppData\Local\Temp\FLTECE3.tmp
Deleted file - C:\Users\casey\AppData\Local\Temp\FLTECE4.tmp
Deleted file - C:\Users\casey\AppData\Local\Temp\FLTECE5.tmp
Deleted file - C:\Users\casey\AppData\Local\Temp\FLTECE6.tmp
Deleted file - C:\Users\casey\AppData\Local\Temp\FLTECE7.tmp
Deleted file - C:\Users\casey\AppData\Local\Temp\FLTECE8.tmp
Deleted file - C:\Users\casey\AppData\Local\Temp\FLTECE9.tmp
Deleted file - C:\Users\casey\AppData\Local\Temp\FLTECEA.tmp
Deleted file - C:\Users\casey\AppData\Local\Temp\FLTECEB.tmp
Deleted file - C:\Users\casey\AppData\Local\Temp\FLTECEC.tmp
Deleted file - C:\Users\casey\AppData\Local\Temp\FLTECED.tmp
Deleted file - C:\Users\casey\AppData\Local\Temp\FLTECEE.tmp
Deleted file - C:\Users\casey\AppData\Local\Temp\FLTECFE.tmp
Deleted file - C:\Users\casey\AppData\Local\Temp\FLTECFF.tmp
Deleted file - C:\Users\casey\AppData\Local\Temp\FLTED00.tmp
Deleted file - C:\Users\casey\AppData\Local\Temp\FLTED01.tmp
Deleted file - C:\Users\casey\AppData\Local\Temp\FLTED02.tmp
Deleted file - C:\Users\casey\AppData\Local\Temp\FLTED03.tmp
Deleted file - C:\Users\casey\AppData\Local\Temp\FLTED04.tmp
Deleted file - C:\Users\casey\AppData\Local\Temp\FLTED05.tmp
Deleted file - C:\Users\casey\AppData\Local\Temp\FLTED06.tmp
Deleted file - C:\Users\casey\AppData\Local\Temp\FLTED07.tmp
Deleted file - C:\Users\casey\AppData\Local\Temp\FLTED18.tmp
Deleted file - C:\Users\casey\AppData\Local\Temp\FLTED19.tmp
Deleted file - C:\Users\casey\AppData\Local\Temp\FLTED1A.tmp
Deleted file - C:\Users\casey\AppData\Local\Temp\FLTED1B.tmp
Deleted file - C:\Users\casey\AppData\Local\Temp\FLTED1C.tmp
Deleted file - C:\Users\casey\AppData\Local\Temp\FLTED1D.tmp
Deleted file - C:\Users\casey\AppData\Local\Temp\FLTED1E.tmp
Deleted file - C:\Users\casey\AppData\Local\Temp\FLTED1F.tmp
Deleted file - C:\Users\casey\AppData\Local\Temp\FLTED20.tmp
Deleted file - C:\Users\casey\AppData\Local\Temp\FLTED21.tmp
Deleted file - C:\Users\casey\AppData\Local\Temp\FLTED32.tmp
Deleted file - C:\Users\casey\AppData\Local\Temp\FLTED33.tmp
Deleted file - C:\Users\casey\AppData\Local\Temp\FLTED34.tmp
Deleted file - C:\Users\casey\AppData\Local\Temp\FLTED35.tmp
Deleted file - C:\Users\casey\AppData\Local\Temp\FLTED36.tmp
Deleted file - C:\Users\casey\AppData\Local\Temp\FLTED37.tmp
Deleted file - C:\Users\casey\AppData\Local\Temp\FLTED38.tmp
Deleted file - C:\Users\casey\AppData\Local\Temp\FLTED39.tmp
Deleted file - C:\Users\casey\AppData\Local\Temp\FLTED3A.tmp
Deleted file - C:\Users\casey\AppData\Local\Temp\FLTED3B.tmp
Deleted file - C:\Users\casey\AppData\Local\Temp\FLTED4B.tmp
Deleted file - C:\Users\casey\AppData\Local\Temp\FLTED4C.tmp
Deleted file - C:\Users\casey\AppData\Local\Temp\FLTED4D.tmp
Deleted file - C:\Users\casey\AppData\Local\Temp\FLTED4E.tmp
Deleted file - C:\Users\casey\AppData\Local\Temp\FLTED4F.tmp
Deleted file - C:\Users\casey\AppData\Local\Temp\FLTED60.tmp
Deleted file - C:\Users\casey\AppData\Local\Temp\FLTED61.tmp
Deleted file - C:\Users\casey\AppData\Local\Temp\FLTED62.tmp
Deleted file - C:\Users\casey\AppData\Local\Temp\FLTED63.tmp
Deleted file - C:\Users\casey\AppData\Local\Temp\FLTED64.tmp
Deleted file - C:\Users\casey\AppData\Local\Temp\FLTED65.tmp
Deleted file - C:\Users\casey\AppData\Local\Temp\FLTED66.tmp
Deleted file - C:\Users\casey\AppData\Local\Temp\FLTED67.tmp
Deleted file - C:\Users\casey\AppData\Local\Temp\FLTED68.tmp
Deleted file - C:\Users\casey\AppData\Local\Temp\FLTED69.tmp
Deleted file - C:\Users\casey\AppData\Local\Temp\FLTED6A.tmp
Deleted file - C:\Users\casey\AppData\Local\Temp\FLTED6B.tmp
Deleted file - C:\Users\casey\AppData\Local\Temp\FLTED6C.tmp
Deleted file - C:\Users\casey\AppData\Local\Temp\FLTED6D.tmp
Deleted file - C:\Users\casey\AppData\Local\Temp\FLTED6E.tmp
Deleted file - C:\Users\casey\AppData\Local\Temp\FLTED7E.tmp
Deleted file - C:\Users\casey\AppData\Local\Temp\FLTED7F.tmp
Deleted file - C:\Users\casey\AppData\Local\Temp\FLTED80.tmp
Deleted file - C:\Users\casey\AppData\Local\Temp\FLTED81.tmp
Deleted file - C:\Users\casey\AppData\Local\Temp\FLTED82.tmp
Deleted file - C:\Users\casey\AppData\Local\Temp\FLTED93.tmp
Deleted file - C:\Users\casey\AppData\Local\Temp\FLTED94.tmp
Deleted file - C:\Users\casey\AppData\Local\Temp\FLTED95.tmp
Deleted file - C:\Users\casey\AppData\Local\Temp\FLTED96.tmp
Deleted file - C:\Users\casey\AppData\Local\Temp\FLTED97.tmp
Deleted file - C:\Users\casey\AppData\Local\Temp\FLTED98.tmp
Deleted file - C:\Users\casey\AppData\Local\Temp\FLTED99.tmp
Deleted file - C:\Users\casey\AppData\Local\Temp\FLTED9A.tmp
Deleted file - C:\Users\casey\AppData\Local\Temp\FLTED9B.tmp
Deleted file - C:\Users\casey\AppData\Local\Temp\FLTED9C.tmp
Deleted file - C:\Users\casey\AppData\Local\Temp\FLTEDAD.tmp
Deleted file - C:\Users\casey\AppData\Local\Temp\FLTEDAE.tmp
Deleted file - C:\Users\casey\AppData\Local\Temp\FLTEDAF.tmp
Deleted file - C:\Users\casey\AppData\Local\Temp\FLTEDB0.tmp
Deleted file - C:\Users\casey\AppData\Local\Temp\FLTEDB1.tmp
Deleted file - C:\Users\casey\AppData\Local\Temp\FLTEDB2.tmp
Deleted file - C:\Users\casey\AppData\Local\Temp\FLTEDB3.tmp
Deleted file - C:\Users\casey\AppData\Local\Temp\FLTEDB4.tmp
Deleted file - C:\Users\casey\AppData\Local\Temp\FLTEDB5.tmp
Deleted file - C:\Users\casey\AppData\Local\Temp\FLTEDB6.tmp
Deleted file - C:\Users\casey\AppData\Local\Temp\FLTEDC6.tmp
Deleted file - C:\Users\casey\AppData\Local\Temp\FLTEDC7.tmp
Deleted file - C:\Users\casey\AppData\Local\Temp\FLTEDC8.tmp
Deleted file - C:\Users\casey\AppData\Local\Temp\FLTEDC9.tmp
Deleted file - C:\Users\casey\AppData\Local\Temp\FLTEDCA.tmp
Deleted file - C:\Users\casey\AppData\Local\Temp\FLTEDCB.tmp
Deleted file - C:\Users\casey\AppData\Local\Temp\FLTEDCC.tmp
Deleted file - C:\Users\casey\AppData\Local\Temp\FLTEDCD.tmp
Deleted file - C:\Users\casey\AppData\Local\Temp\FLTEDCE.tmp
Deleted file - C:\Users\casey\AppData\Local\Temp\FLTEDCF.tmp
Deleted file - C:\Users\casey\AppData\Local\Temp\FLTEDE0.tmp
Deleted file - C:\Users\casey\AppData\Local\Temp\FLTEDE1.tmp
Deleted file - C:\Users\casey\AppData\Local\Temp\FLTEDE2.tmp
Deleted file - C:\Users\casey\AppData\Local\Temp\FLTEDE3.tmp
Deleted file - C:\Users\casey\AppData\Local\Temp\FLTEDE4.tmp
Deleted file - C:\Users\casey\AppData\Local\Temp\FLTEDF5.tmp
Deleted file - C:\Users\casey\AppData\Local\Temp\FLTEDF6.tmp
Deleted file - C:\Users\casey\AppData\Local\Temp\FLTEDF7.tmp
Deleted file - C:\Users\casey\AppData\Local\Temp\FLTEDF8.tmp
Deleted file - C:\Users\casey\AppData\Local\Temp\FLTEDF9.tmp
Deleted file - C:\Users\casey\AppData\Local\Temp\FLTEDFA.tmp
Deleted file - C:\Users\casey\AppData\Local\Temp\FLTEDFB.tmp
Deleted file - C:\Users\casey\AppData\Local\Temp\FLTEDFC.tmp
Deleted file - C:\Users\casey\AppData\Local\Temp\FLTEDFD.tmp
Deleted file - C:\Users\casey\AppData\Local\Temp\FLTEDFE.tmp
Deleted file - C:\Users\casey\AppData\Local\Temp\FLTEE0E.tmp
Deleted file - C:\Users\casey\AppData\Local\Temp\FLTEE0F.tmp
Deleted file - C:\Users\casey\AppData\Local\Temp\FLTEE10.tmp
Deleted file - C:\Users\casey\AppData\Local\Temp\FLTEE11.tmp
Deleted file - C:\Users\casey\AppData\Local\Temp\FLTEE12.tmp
Deleted file - C:\Users\casey\AppData\Local\Temp\FLTEE13.tmp
Deleted file - C:\Users\casey\AppData\Local\Temp\FLTEE14.tmp
Deleted file - C:\Users\casey\AppData\Local\Temp\FLTEE15.tmp
Deleted file - C:\Users\casey\AppData\Local\Temp\FLTEE16.tmp
Deleted file - C:\Users\casey\AppData\Local\Temp\FLTEE17.tmp
Deleted file - C:\Users\casey\AppData\Local\Temp\FLTEE28.tmp
Deleted file - C:\Users\casey\AppData\Local\Temp\FLTEE29.tmp
Deleted file - C:\Users\casey\AppData\Local\Temp\FLTEE2A.tmp
Deleted file - C:\Users\casey\AppData\Local\Temp\FLTEE2B.tmp
Deleted file - C:\Users\casey\AppData\Local\Temp\FLTEE2C.tmp
Deleted file - C:\Users\casey\AppData\Local\Temp\FLTEE2D.tmp
Deleted file - C:\Users\casey\AppData\Local\Temp\FLTEE2E.tmp
Deleted file - C:\Users\casey\AppData\Local\Temp\FLTEE2F.tmp
Deleted file - C:\Users\casey\AppData\Local\Temp\FLTEE30.tmp
Deleted file - C:\Users\casey\AppData\Local\Temp\FLTEE40.tmp
Deleted file - C:\Users\casey\AppData\Local\Temp\FLTEE41.tmp
Deleted file - C:\Users\casey\AppData\Local\Temp\FLTEE42.tmp
Deleted file - C:\Users\casey\AppData\Local\Temp\FLTEE43.tmp
Deleted file - C:\Users\casey\AppData\Local\Temp\FLTEE44.tmp
Deleted file - C:\Users\casey\AppData\Local\Temp\FLTEE45.tmp
Deleted file - C:\Users\casey\AppData\Local\Temp\FLTEE46.tmp
Deleted file - C:\Users\casey\AppData\Local\Temp\FLTEE47.tmp
Deleted file - C:\Users\casey\AppData\Local\Temp\FLTEE48.tmp
Deleted file - C:\Users\casey\AppData\Local\Temp\FLTEE49.tmp
Deleted file - C:\Users\casey\AppData\Local\Temp\FLTEE4A.tmp
Deleted file - C:\Users\casey\AppData\Local\Temp\FLTEE5B.tmp
Deleted file - C:\Users\casey\AppData\Local\Temp\FLTEE5C.tmp
Deleted file - C:\Users\casey\AppData\Local\Temp\FLTEE5D.tmp
Deleted file - C:\Users\casey\AppData\Local\Temp\FLTEE5E.tmp
Deleted file - C:\Users\casey\AppData\Local\Temp\FLTEE5F.tmp
Deleted file - C:\Users\casey\AppData\Local\Temp\FLTEE70.tmp
Deleted file - C:\Users\casey\AppData\Local\Temp\FLTEE71.tmp
Deleted file - C:\Users\casey\AppData\Local\Temp\FLTEE72.tmp
Deleted file - C:\Users\casey\AppData\Local\Temp\FLTEE73.tmp
Deleted file - C:\Users\casey\AppData\Local\Temp\FLTEE74.tmp
Deleted file - C:\Users\casey\AppData\Local\Temp\FLTEE75.tmp
Deleted file - C:\Users\casey\AppData\Local\Temp\FLTEE76.tmp
Deleted file - C:\Users\casey\AppData\Local\Temp\FLTEE77.tmp
Deleted file - C:\Users\casey\AppData\Local\Temp\FLTEE78.tmp
Deleted file - C:\Users\casey\AppData\Local\Temp\FLTEE79.tmp
Deleted file - C:\Users\casey\AppData\Local\Temp\FLTEE89.tmp
Deleted file - C:\Users\casey\AppData\Local\Temp\FLTEE8A.tmp
Deleted file - C:\Users\casey\AppData\Local\Temp\FLTEE8B.tmp
Deleted file - C:\Users\casey\AppData\Local\Temp\FLTEE8C.tmp
Deleted file - C:\Users\casey\AppData\Local\Temp\FLTEE8D.tmp
Deleted file - C:\Users\casey\AppData\Local\Temp\FLTEE8E.tmp
Deleted file - C:\Users\casey\AppData\Local\Temp\FLTEE8F.tmp
Deleted file - C:\Users\casey\AppData\Local\Temp\FLTEE90.tmp
Deleted file - C:\Users\casey\AppData\Local\Temp\FLTEE91.tmp
Deleted file - C:\Users\casey\AppData\Local\Temp\FLTEE92.tmp
Deleted file - C:\Users\casey\AppData\Local\Temp\FLTEEA3.tmp
Deleted file - C:\Users\casey\AppData\Local\Temp\FLTEEA4.tmp
Deleted file - C:\Users\casey\AppData\Local\Temp\FLTEEA5.tmp
Deleted file - C:\Users\casey\AppData\Local\Temp\FLTEEA6.tmp
Deleted file - C:\Users\casey\AppData\Local\Temp\FLTEEA7.tmp
Deleted file - C:\Users\casey\AppData\Local\Temp\FLTEEA8.tmp
Deleted file - C:\Users\casey\AppData\Local\Temp\FLTEEB9.tmp
Deleted file - C:\Users\casey\AppData\Local\Temp\FLTEEBA.tmp
Deleted file - C:\Users\casey\AppData\Local\Temp\FLTEEBB.tmp
Deleted file - C:\Users\casey\AppData\Local\Temp\FLTEEBC.tmp
Deleted file - C:\Users\casey\AppData\Local\Temp\FLTEEBD.tmp
Deleted file - C:\Users\casey\AppData\Local\Temp\FLTEEBE.tmp
Deleted file - C:\Users\casey\AppData\Local\Temp\FLTEEBF.tmp
Deleted file - C:\Users\casey\AppData\Local\Temp\FLTEEC0.tmp
Deleted file - C:\Users\casey\AppData\Local\Temp\FLTEEC1.tmp
Deleted file - C:\Users\casey\AppData\Local\Temp\FLTEEC2.tmp
Deleted file - C:\Users\casey\AppData\Local\Temp\FLTEEC3.tmp
Deleted file - C:\Users\casey\AppData\Local\Temp\FLTEEC4.tmp
Deleted file - C:\Users\casey\AppData\Local\Temp\FLTEEC5.tmp
Deleted file - C:\Users\casey\AppData\Local\Temp\FLTEEC6.tmp
Deleted file - C:\Users\casey\AppData\Local\Temp\FLTEED6.tmp
Deleted file - C:\Users\casey\AppData\Local\Temp\FLTEED7.tmp
Deleted file - C:\Users\casey\AppData\Local\Temp\FLTEED8.tmp
Deleted file - C:\Users\casey\AppData\Local\Temp\FLTEED9.tmp
Deleted file - C:\Users\casey\AppData\Local\Temp\FLTEEDA.tmp
Deleted file - C:\Users\casey\AppData\Local\Temp\FLTEEDB.tmp
Deleted file - C:\Users\casey\AppData\Local\Temp\FLTEEDC.tmp
Deleted file - C:\Users\casey\AppData\Local\Temp\FLTEEDD.tmp
Deleted file - C:\Users\casey\AppData\Local\Temp\FLTEEDE.tmp
Deleted file - C:\Users\casey\AppData\Local\Temp\FLTEEDF.tmp
Deleted file - C:\Users\casey\AppData\Local\Temp\FLTEEF0.tmp
Deleted file - C:\Users\casey\AppData\Local\Temp\FLTEEF1.tmp
Deleted file - C:\Users\casey\AppData\Local\Temp\FLTEEF2.tmp
Deleted file - C:\Users\casey\AppData\Local\Temp\FLTEEF3.tmp
Deleted file - C:\Users\casey\AppData\Local\Temp\FLTEEF4.tmp
Deleted file - C:\Users\casey\AppData\Local\Temp\FLTEEF5.tmp
Deleted file - C:\Users\casey\AppData\Local\Temp\FLTEEF6.tmp
Deleted file - C:\Users\casey\AppData\Local\Temp\FLTEEF7.tmp
Deleted file - C:\Users\casey\AppData\Local\Temp\FLTEEF8.tmp
Deleted file - C:\Users\casey\AppData\Local\Temp\FLTEEF9.tmp
Deleted file - C:\Users\casey\AppData\Local\Temp\FLTEF09.tmp
Deleted file - C:\Users\casey\AppData\Local\Temp\FLTEF0A.tmp
Deleted file - C:\Users\casey\AppData\Local\Temp\FLTEF0B.tmp
Deleted file - C:\Users\casey\AppData\Local\Temp\FLTEF0C.tmp
Deleted file - C:\Users\casey\AppData\Local\Temp\FLTEF0D.tmp
Deleted file - C:\Users\casey\AppData\Local\Temp\FLTEF0E.tmp
Deleted file - C:\Users\casey\AppData\Local\Temp\FLTEF0F.tmp
Deleted file - C:\Users\casey\AppData\Local\Temp\FLTEF10.tmp
Deleted file - C:\Users\casey\AppData\Local\Temp\FLTEF11.tmp
Deleted file - C:\Users\casey\AppData\Local\Temp\FLTEF12.tmp
